{"meta": {"format": 3, "version": "7.13.1", "timestamp": "2026-01-11T15:13:24.994926", "branch_coverage": true, "show_contexts": false}, "files": {"src/mi_crow/__init__.py": {"executed_lines": [9, 10, 13], "summary": {"covered_lines": 3, "num_statements": 4, "percent_covered": 75.0, "percent_covered_display": "75", "missing_lines": 1, "excluded_lines": 0, "percent_statements_covered": 75.0, "percent_statements_covered_display": "75", "num_branches": 0, "num_partial_branches": 0, "covered_branches": 0, "missing_branches": 0, "percent_branches_covered": 100.0, "percent_branches_covered_display": "100"}, "missing_lines": [15], "excluded_lines": [], "executed_branches": [], "missing_branches": [], "functions": {"ping": {"executed_lines": [], "summary": {"covered_lines": 0, "num_statements": 1, "percent_covered": 0.0, "percent_covered_display": "0", "missing_lines": 1, "excluded_lines": 0, "percent_statements_covered": 0.0, "percent_statements_covered_display": "0", "num_branches": 0, "num_partial_branches": 0, "covered_branches": 0, "missing_branches": 0, "percent_branches_covered": 100.0, "percent_branches_covered_display": "100"}, "missing_lines": [15], "excluded_lines": [], "start_line": 13, "executed_branches": [], "missing_branches": []}, "": {"executed_lines": [9, 10, 13], "summary": {"covered_lines": 3, "num_statements": 3, "percent_covered": 100.0, "percent_covered_display": "100", "missing_lines": 0, "excluded_lines": 0, "percent_statements_covered": 100.0, "percent_statements_covered_display": "100", "num_branches": 0, "num_partial_branches": 0, "covered_branches": 0, "missing_branches": 0, "percent_branches_covered": 100.0, "percent_branches_covered_display": "100"}, "missing_lines": [], "excluded_lines": [], "start_line": 1, "executed_branches": [], "missing_branches": []}}, "classes": {"": {"executed_lines": [9, 10, 13], "summary": {"covered_lines": 3, "num_statements": 4, "percent_covered": 75.0, "percent_covered_display": "75", "missing_lines": 1, "excluded_lines": 0, "percent_statements_covered": 75.0, "percent_statements_covered_display": "75", "num_branches": 0, "num_partial_branches": 0, "covered_branches": 0, "missing_branches": 0, "percent_branches_covered": 100.0, "percent_branches_covered_display": "100"}, "missing_lines": [15], "excluded_lines": [], "start_line": 1, "executed_branches": [], "missing_branches": []}}}, "src/mi_crow/datasets/__init__.py": {"executed_lines": [1, 2, 3, 4, 6], "summary": {"covered_lines": 5, "num_statements": 5, "percent_covered": 100.0, "percent_covered_display": "100", "missing_lines": 0, "excluded_lines": 0, "percent_statements_covered": 100.0, "percent_statements_covered_display": "100", "num_branches": 0, "num_partial_branches": 0, "covered_branches": 0, "missing_branches": 0, "percent_branches_covered": 100.0, "percent_branches_covered_display": "100"}, "missing_lines": [], "excluded_lines": [], "executed_branches": [], "missing_branches": [], "functions": {"": {"executed_lines": [1, 2, 3, 4, 6], "summary": {"covered_lines": 5, "num_statements": 5, "percent_covered": 100.0, "percent_covered_display": "100", "missing_lines": 0, "excluded_lines": 0, "percent_statements_covered": 100.0, "percent_statements_covered_display": "100", "num_branches": 0, "num_partial_branches": 0, "covered_branches": 0, "missing_branches": 0, "percent_branches_covered": 100.0, "percent_branches_covered_display": "100"}, "missing_lines": [], "excluded_lines": [], "start_line": 1, "executed_branches": [], "missing_branches": []}}, "classes": {"": {"executed_lines": [1, 2, 3, 4, 6], "summary": {"covered_lines": 5, "num_statements": 5, "percent_covered": 100.0, "percent_covered_display": "100", "missing_lines": 0, "excluded_lines": 0, "percent_statements_covered": 100.0, "percent_statements_covered_display": "100", "num_branches": 0, "num_partial_branches": 0, "covered_branches": 0, "missing_branches": 0, "percent_branches_covered": 100.0, "percent_branches_covered_display": "100"}, "missing_lines": [], "excluded_lines": [], "start_line": 1, "executed_branches": [], "missing_branches": []}}}, "src/mi_crow/datasets/base_dataset.py": {"executed_lines": [1, 3, 4, 5, 6, 7, 8, 10, 12, 13, 16, 29, 47, 49, 50, 51, 53, 55, 57, 58, 59, 60, 61, 63, 64, 65, 66, 67, 69, 70, 71, 72, 79, 89, 90, 92, 93, 95, 101, 103, 117, 118, 119, 120, 121, 127, 129, 130, 142, 143, 145, 146, 148, 149, 150, 151, 152, 153, 159, 161, 162, 163, 164, 166, 168, 169, 172, 173, 174, 175, 176, 177, 178, 179, 181, 183, 184, 187, 188, 190, 192, 193, 202, 203, 205, 206, 209, 212, 213, 214, 216, 217, 218, 219, 221, 222, 223, 225, 226, 227, 228, 229, 230, 231, 233, 234, 235, 236, 237, 238, 239, 241, 242, 243, 245, 246, 247, 248, 250, 251, 252, 254, 255, 257, 258, 260, 261, 270, 271, 272, 273, 274, 276, 277, 285, 286, 288, 289, 297, 298, 299, 300, 301, 303, 304, 311, 312, 314, 328, 329, 330, 331, 332, 333, 334, 335, 337, 349, 350, 351, 352, 353, 354, 355, 356, 358, 373, 374, 378, 379, 380, 381, 383, 384, 385, 388, 390, 392, 393, 395, 397, 398, 402, 403, 407, 408, 412, 413, 417, 418, 429, 430, 443, 444, 482, 483, 485, 486, 489, 491, 494, 495, 502, 503, 508, 509, 515, 523, 525, 526, 592, 593, 628, 631, 632, 635, 642, 643, 650, 652, 653, 686, 689, 690, 693, 699, 707], "summary": {"covered_lines": 227, "num_statements": 265, "percent_covered": 84.25196850393701, "percent_covered_display": "84", "missing_lines": 38, "excluded_lines": 0, "percent_statements_covered": 85.66037735849056, "percent_statements_covered_display": "86", "num_branches": 116, "num_partial_branches": 14, "covered_branches": 94, "missing_branches": 22, "percent_branches_covered": 81.03448275862068, "percent_branches_covered_display": "81"}, "missing_lines": [75, 122, 123, 124, 125, 207, 210, 240, 249, 400, 405, 410, 415, 427, 439, 492, 510, 563, 564, 566, 567, 569, 571, 572, 578, 579, 580, 584, 585, 586, 587, 588, 590, 629, 633, 687, 691, 700], "excluded_lines": [], "executed_branches": [[55, 57], [55, 61], [58, 59], [58, 60], [61, 63], [61, 67], [64, 65], [64, 66], [67, 69], [69, 70], [69, 71], [89, 90], [89, 92], [92, -79], [92, 93], [117, 118], [117, 127], [142, 143], [142, 145], [145, 146], [145, 148], [149, 150], [149, 161], [151, 152], [151, 153], [161, 162], [161, 166], [162, 163], [162, 164], [173, 174], [173, 179], [175, 176], [175, 177], [177, 173], [177, 178], [202, 203], [202, 205], [206, 209], [209, 212], [213, 214], [213, 216], [218, 219], [218, 221], [226, 227], [226, 233], [235, 236], [236, 237], [236, 238], [239, 241], [247, 248], [247, 257], [248, 250], [251, 252], [251, 254], [271, 272], [271, 273], [273, 274], [273, 276], [298, 299], [298, 300], [300, 301], [300, 303], [328, 329], [328, 330], [330, 331], [330, 332], [333, 334], [333, 335], [349, 350], [349, 356], [351, 352], [352, 353], [352, 354], [373, 374], [373, 378], [379, 380], [379, 381], [381, 383], [381, 388], [482, 483], [482, 485], [485, 486], [485, 489], [491, 494], [508, 509], [508, 515], [509, 523], [628, 631], [632, 635], [642, 643], [642, 650], [686, 689], [690, 693], [699, 707]], "missing_branches": [[67, 75], [206, 207], [209, 210], [235, 245], [239, 240], [248, 249], [351, 355], [491, 492], [509, 510], [563, 564], [563, 566], [566, 567], [566, 569], [571, 572], [571, 578], [579, 580], [579, 584], [628, 629], [632, 633], [686, 687], [690, 691], [699, 700]], "functions": {"BaseDataset.__init__": {"executed_lines": [47, 49, 50, 51, 53, 55, 57, 58, 59, 60, 61, 63, 64, 65, 66, 67, 69, 70, 71, 72], "summary": {"covered_lines": 20, "num_statements": 21, "percent_covered": 93.93939393939394, "percent_covered_display": "94", "missing_lines": 1, "excluded_lines": 0, "percent_statements_covered": 95.23809523809524, "percent_statements_covered_display": "95", "num_branches": 12, "num_partial_branches": 1, "covered_branches": 11, "missing_branches": 1, "percent_branches_covered": 91.66666666666667, "percent_branches_covered_display": "92"}, "missing_lines": [75], "excluded_lines": [], "start_line": 29, "executed_branches": [[55, 57], [55, 61], [58, 59], [58, 60], [61, 63], [61, 67], [64, 65], [64, 66], [67, 69], [69, 70], [69, 71]], "missing_branches": [[67, 75]]}, "BaseDataset._validate_initialization_params": {"executed_lines": [89, 90, 92, 93], "summary": {"covered_lines": 4, "num_statements": 4, "percent_covered": 100.0, "percent_covered_display": "100", "missing_lines": 0, "excluded_lines": 0, "percent_statements_covered": 100.0, "percent_statements_covered_display": "100", "num_branches": 4, "num_partial_branches": 0, "covered_branches": 4, "missing_branches": 0, "percent_branches_covered": 100.0, "percent_branches_covered_display": "100"}, "missing_lines": [], "excluded_lines": [], "start_line": 79, "executed_branches": [[89, 90], [89, 92], [92, -79], [92, 93]], "missing_branches": []}, "BaseDataset._has_valid_dataset_dir": {"executed_lines": [101], "summary": {"covered_lines": 1, "num_statements": 1, "percent_covered": 100.0, "percent_covered_display": "100", "missing_lines": 0, "excluded_lines": 0, "percent_statements_covered": 100.0, "percent_statements_covered_display": "100", "num_branches": 0, "num_partial_branches": 0, "covered_branches": 0, "missing_branches": 0, "percent_branches_covered": 100.0, "percent_branches_covered_display": "100"}, "missing_lines": [], "excluded_lines": [], "start_line": 95, "executed_branches": [], "missing_branches": []}, "BaseDataset._save_and_load_dataset": {"executed_lines": [117, 118, 119, 120, 121, 127], "summary": {"covered_lines": 6, "num_statements": 10, "percent_covered": 66.66666666666667, "percent_covered_display": "67", "missing_lines": 4, "excluded_lines": 0, "percent_statements_covered": 60.0, "percent_statements_covered_display": "60", "num_branches": 2, "num_partial_branches": 0, "covered_branches": 2, "missing_branches": 0, "percent_branches_covered": 100.0, "percent_branches_covered_display": "100"}, "missing_lines": [122, 123, 124, 125], "excluded_lines": [], "start_line": 103, "executed_branches": [[117, 118], [117, 127]], "missing_branches": []}, "BaseDataset._postprocess_non_streaming_dataset": {"executed_lines": [142, 143, 145, 146, 148, 149, 150, 151, 152, 153, 159, 161, 162, 163, 164, 166], "summary": {"covered_lines": 16, "num_statements": 16, "percent_covered": 100.0, "percent_covered_display": "100", "missing_lines": 0, "excluded_lines": 0, "percent_statements_covered": 100.0, "percent_statements_covered_display": "100", "num_branches": 12, "num_partial_branches": 0, "covered_branches": 12, "missing_branches": 0, "percent_branches_covered": 100.0, "percent_branches_covered_display": "100"}, "missing_lines": [], "excluded_lines": [], "start_line": 130, "executed_branches": [[142, 143], [142, 145], [145, 146], [145, 148], [149, 150], [149, 161], [151, 152], [151, 153], [161, 162], [161, 166], [162, 163], [162, 164]], "missing_branches": []}, "BaseDataset._drop_na": {"executed_lines": [172, 181], "summary": {"covered_lines": 2, "num_statements": 2, "percent_covered": 100.0, "percent_covered_display": "100", "missing_lines": 0, "excluded_lines": 0, "percent_statements_covered": 100.0, "percent_statements_covered_display": "100", "num_branches": 0, "num_partial_branches": 0, "covered_branches": 0, "missing_branches": 0, "percent_branches_covered": 100.0, "percent_branches_covered_display": "100"}, "missing_lines": [], "excluded_lines": [], "start_line": 169, "executed_branches": [], "missing_branches": []}, "BaseDataset._drop_na._is_valid": {"executed_lines": [173, 174, 175, 176, 177, 178, 179], "summary": {"covered_lines": 7, "num_statements": 7, "percent_covered": 100.0, "percent_covered_display": "100", "missing_lines": 0, "excluded_lines": 0, "percent_statements_covered": 100.0, "percent_statements_covered_display": "100", "num_branches": 6, "num_partial_branches": 0, "covered_branches": 6, "missing_branches": 0, "percent_branches_covered": 100.0, "percent_branches_covered_display": "100"}, "missing_lines": [], "excluded_lines": [], "start_line": 172, "executed_branches": [[173, 174], [173, 179], [175, 176], [175, 177], [177, 173], [177, 178]], "missing_branches": []}, "BaseDataset._apply_filters": {"executed_lines": [187, 190], "summary": {"covered_lines": 2, "num_statements": 2, "percent_covered": 100.0, "percent_covered_display": "100", "missing_lines": 0, "excluded_lines": 0, "percent_statements_covered": 100.0, "percent_statements_covered_display": "100", "num_branches": 0, "num_partial_branches": 0, "covered_branches": 0, "missing_branches": 0, "percent_branches_covered": 100.0, "percent_branches_covered_display": "100"}, "missing_lines": [], "excluded_lines": [], "start_line": 184, "executed_branches": [], "missing_branches": []}, "BaseDataset._apply_filters._predicate": {"executed_lines": [188], "summary": {"covered_lines": 1, "num_statements": 1, "percent_covered": 100.0, "percent_covered_display": "100", "missing_lines": 0, "excluded_lines": 0, "percent_statements_covered": 100.0, "percent_statements_covered_display": "100", "num_branches": 0, "num_partial_branches": 0, "covered_branches": 0, "missing_branches": 0, "percent_branches_covered": 100.0, "percent_branches_covered_display": "100"}, "missing_lines": [], "excluded_lines": [], "start_line": 187, "executed_branches": [], "missing_branches": []}, "BaseDataset._stratified_sample": {"executed_lines": [202, 203, 205, 206, 209, 212, 213, 214, 216, 217, 218, 219, 221, 222, 223, 225, 226, 227, 228, 229, 230, 231, 233, 234, 235, 236, 237, 238, 239, 241, 242, 243, 245, 246, 247, 248, 250, 251, 252, 254, 255, 257, 258], "summary": {"covered_lines": 43, "num_statements": 47, "percent_covered": 87.32394366197182, "percent_covered_display": "87", "missing_lines": 4, "excluded_lines": 0, "percent_statements_covered": 91.48936170212765, "percent_statements_covered_display": "91", "num_branches": 24, "num_partial_branches": 5, "covered_branches": 19, "missing_branches": 5, "percent_branches_covered": 79.16666666666667, "percent_branches_covered_display": "79"}, "missing_lines": [207, 210, 240, 249], "excluded_lines": [], "start_line": 193, "executed_branches": [[202, 203], [202, 205], [206, 209], [209, 212], [213, 214], [213, 216], [218, 219], [218, 221], [226, 227], [226, 233], [235, 236], [236, 237], [236, 238], [239, 241], [247, 248], [247, 257], [248, 250], [251, 252], [251, 254]], "missing_branches": [[206, 207], [209, 210], [235, 245], [239, 240], [248, 249]]}, "BaseDataset._load_csv_source": {"executed_lines": [270, 271, 272, 273, 274, 276, 277, 285, 286], "summary": {"covered_lines": 9, "num_statements": 9, "percent_covered": 100.0, "percent_covered_display": "100", "missing_lines": 0, "excluded_lines": 0, "percent_statements_covered": 100.0, "percent_statements_covered_display": "100", "num_branches": 4, "num_partial_branches": 0, "covered_branches": 4, "missing_branches": 0, "percent_branches_covered": 100.0, "percent_branches_covered_display": "100"}, "missing_lines": [], "excluded_lines": [], "start_line": 261, "executed_branches": [[271, 272], [271, 273], [273, 274], [273, 276]], "missing_branches": []}, "BaseDataset._load_json_source": {"executed_lines": [297, 298, 299, 300, 301, 303, 304, 311, 312], "summary": {"covered_lines": 9, "num_statements": 9, "percent_covered": 100.0, "percent_covered_display": "100", "missing_lines": 0, "excluded_lines": 0, "percent_statements_covered": 100.0, "percent_statements_covered_display": "100", "num_branches": 4, "num_partial_branches": 0, "covered_branches": 4, "missing_branches": 0, "percent_branches_covered": 100.0, "percent_branches_covered_display": "100"}, "missing_lines": [], "excluded_lines": [], "start_line": 289, "executed_branches": [[298, 299], [298, 300], [300, 301], [300, 303]], "missing_branches": []}, "BaseDataset.get_batch": {"executed_lines": [328, 329, 330, 331, 332, 333, 334, 335], "summary": {"covered_lines": 8, "num_statements": 8, "percent_covered": 100.0, "percent_covered_display": "100", "missing_lines": 0, "excluded_lines": 0, "percent_statements_covered": 100.0, "percent_statements_covered_display": "100", "num_branches": 6, "num_partial_branches": 0, "covered_branches": 6, "missing_branches": 0, "percent_branches_covered": 100.0, "percent_branches_covered_display": "100"}, "missing_lines": [], "excluded_lines": [], "start_line": 314, "executed_branches": [[328, 329], [328, 330], [330, 331], [330, 332], [333, 334], [333, 335]], "missing_branches": []}, "BaseDataset.head": {"executed_lines": [349, 350, 351, 352, 353, 354, 355, 356], "summary": {"covered_lines": 8, "num_statements": 8, "percent_covered": 92.85714285714286, "percent_covered_display": "93", "missing_lines": 0, "excluded_lines": 0, "percent_statements_covered": 100.0, "percent_statements_covered_display": "100", "num_branches": 6, "num_partial_branches": 1, "covered_branches": 5, "missing_branches": 1, "percent_branches_covered": 83.33333333333333, "percent_branches_covered_display": "83"}, "missing_lines": [], "excluded_lines": [], "start_line": 337, "executed_branches": [[349, 350], [349, 356], [351, 352], [352, 353], [352, 354]], "missing_branches": [[351, 355]]}, "BaseDataset.sample": {"executed_lines": [373, 374, 378, 379, 380, 381, 383, 384, 385, 388, 390], "summary": {"covered_lines": 11, "num_statements": 11, "percent_covered": 100.0, "percent_covered_display": "100", "missing_lines": 0, "excluded_lines": 0, "percent_statements_covered": 100.0, "percent_statements_covered_display": "100", "num_branches": 6, "num_partial_branches": 0, "covered_branches": 6, "missing_branches": 0, "percent_branches_covered": 100.0, "percent_branches_covered_display": "100"}, "missing_lines": [], "excluded_lines": [], "start_line": 358, "executed_branches": [[373, 374], [373, 378], [379, 380], [379, 381], [381, 383], [381, 388]], "missing_branches": []}, "BaseDataset.is_streaming": {"executed_lines": [395], "summary": {"covered_lines": 1, "num_statements": 1, "percent_covered": 100.0, "percent_covered_display": "100", "missing_lines": 0, "excluded_lines": 0, "percent_statements_covered": 100.0, "percent_statements_covered_display": "100", "num_branches": 0, "num_partial_branches": 0, "covered_branches": 0, "missing_branches": 0, "percent_branches_covered": 100.0, "percent_branches_covered_display": "100"}, "missing_lines": [], "excluded_lines": [], "start_line": 393, "executed_branches": [], "missing_branches": []}, "BaseDataset.__len__": {"executed_lines": [], "summary": {"covered_lines": 0, "num_statements": 1, "percent_covered": 0.0, "percent_covered_display": "0", "missing_lines": 1, "excluded_lines": 0, "percent_statements_covered": 0.0, "percent_statements_covered_display": "0", "num_branches": 0, "num_partial_branches": 0, "covered_branches": 0, "missing_branches": 0, "percent_branches_covered": 100.0, "percent_branches_covered_display": "100"}, "missing_lines": [400], "excluded_lines": [], "start_line": 398, "executed_branches": [], "missing_branches": []}, "BaseDataset.__getitem__": {"executed_lines": [], "summary": {"covered_lines": 0, "num_statements": 1, "percent_covered": 0.0, "percent_covered_display": "0", "missing_lines": 1, "excluded_lines": 0, "percent_statements_covered": 0.0, "percent_statements_covered_display": "0", "num_branches": 0, "num_partial_branches": 0, "covered_branches": 0, "missing_branches": 0, "percent_branches_covered": 100.0, "percent_branches_covered_display": "100"}, "missing_lines": [405], "excluded_lines": [], "start_line": 403, "executed_branches": [], "missing_branches": []}, "BaseDataset.iter_items": {"executed_lines": [], "summary": {"covered_lines": 0, "num_statements": 1, "percent_covered": 0.0, "percent_covered_display": "0", "missing_lines": 1, "excluded_lines": 0, "percent_statements_covered": 0.0, "percent_statements_covered_display": "0", "num_branches": 0, "num_partial_branches": 0, "covered_branches": 0, "missing_branches": 0, "percent_branches_covered": 100.0, "percent_branches_covered_display": "100"}, "missing_lines": [410], "excluded_lines": [], "start_line": 408, "executed_branches": [], "missing_branches": []}, "BaseDataset.iter_batches": {"executed_lines": [], "summary": {"covered_lines": 0, "num_statements": 1, "percent_covered": 0.0, "percent_covered_display": "0", "missing_lines": 1, "excluded_lines": 0, "percent_statements_covered": 0.0, "percent_statements_covered_display": "0", "num_branches": 0, "num_partial_branches": 0, "covered_branches": 0, "missing_branches": 0, "percent_branches_covered": 100.0, "percent_branches_covered_display": "100"}, "missing_lines": [415], "excluded_lines": [], "start_line": 413, "executed_branches": [], "missing_branches": []}, "BaseDataset.extract_texts_from_batch": {"executed_lines": [], "summary": {"covered_lines": 0, "num_statements": 1, "percent_covered": 0.0, "percent_covered_display": "0", "missing_lines": 1, "excluded_lines": 0, "percent_statements_covered": 0.0, "percent_statements_covered_display": "0", "num_branches": 0, "num_partial_branches": 0, "covered_branches": 0, "missing_branches": 0, "percent_branches_covered": 100.0, "percent_branches_covered_display": "100"}, "missing_lines": [427], "excluded_lines": [], "start_line": 418, "executed_branches": [], "missing_branches": []}, "BaseDataset.get_all_texts": {"executed_lines": [], "summary": {"covered_lines": 0, "num_statements": 1, "percent_covered": 0.0, "percent_covered_display": "0", "missing_lines": 1, "excluded_lines": 0, "percent_statements_covered": 0.0, "percent_statements_covered_display": "0", "num_branches": 0, "num_partial_branches": 0, "covered_branches": 0, "missing_branches": 0, "percent_branches_covered": 100.0, "percent_branches_covered_display": "100"}, "missing_lines": [439], "excluded_lines": [], "start_line": 430, "executed_branches": [], "missing_branches": []}, "BaseDataset.from_huggingface": {"executed_lines": [482, 483, 485, 486, 489, 491, 494, 495, 502, 503, 508, 509, 515, 523], "summary": {"covered_lines": 14, "num_statements": 16, "percent_covered": 84.61538461538461, "percent_covered_display": "85", "missing_lines": 2, "excluded_lines": 0, "percent_statements_covered": 87.5, "percent_statements_covered_display": "88", "num_branches": 10, "num_partial_branches": 2, "covered_branches": 8, "missing_branches": 2, "percent_branches_covered": 80.0, "percent_branches_covered_display": "80"}, "missing_lines": [492, 510], "excluded_lines": [], "start_line": 444, "executed_branches": [[482, 483], [482, 485], [485, 486], [485, 489], [491, 494], [508, 509], [508, 515], [509, 523]], "missing_branches": [[491, 492], [509, 510]]}, "BaseDataset.from_disk": {"executed_lines": [], "summary": {"covered_lines": 0, "num_statements": 16, "percent_covered": 0.0, "percent_covered_display": "0", "missing_lines": 16, "excluded_lines": 0, "percent_statements_covered": 0.0, "percent_statements_covered_display": "0", "num_branches": 8, "num_partial_branches": 0, "covered_branches": 0, "missing_branches": 8, "percent_branches_covered": 0.0, "percent_branches_covered_display": "0"}, "missing_lines": [563, 564, 566, 567, 569, 571, 572, 578, 579, 580, 584, 585, 586, 587, 588, 590], "excluded_lines": [], "start_line": 526, "executed_branches": [], "missing_branches": [[563, 564], [563, 566], [566, 567], [566, 569], [571, 572], [571, 578], [579, 580], [579, 584]]}, "BaseDataset.from_csv": {"executed_lines": [628, 631, 632, 635, 642, 643, 650], "summary": {"covered_lines": 7, "num_statements": 9, "percent_covered": 73.33333333333333, "percent_covered_display": "73", "missing_lines": 2, "excluded_lines": 0, "percent_statements_covered": 77.77777777777777, "percent_statements_covered_display": "78", "num_branches": 6, "num_partial_branches": 2, "covered_branches": 4, "missing_branches": 2, "percent_branches_covered": 66.66666666666667, "percent_branches_covered_display": "67"}, "missing_lines": [629, 633], "excluded_lines": [], "start_line": 593, "executed_branches": [[628, 631], [632, 635], [642, 643], [642, 650]], "missing_branches": [[628, 629], [632, 633]]}, "BaseDataset.from_json": {"executed_lines": [686, 689, 690, 693, 699, 707], "summary": {"covered_lines": 6, "num_statements": 9, "percent_covered": 60.0, "percent_covered_display": "60", "missing_lines": 3, "excluded_lines": 0, "percent_statements_covered": 66.66666666666667, "percent_statements_covered_display": "67", "num_branches": 6, "num_partial_branches": 3, "covered_branches": 3, "missing_branches": 3, "percent_branches_covered": 50.0, "percent_branches_covered_display": "50"}, "missing_lines": [687, 691, 700], "excluded_lines": [], "start_line": 653, "executed_branches": [[686, 689], [690, 693], [699, 707]], "missing_branches": [[686, 687], [690, 691], [699, 700]]}, "": {"executed_lines": [1, 3, 4, 5, 6, 7, 8, 10, 12, 13, 16, 29, 79, 95, 103, 129, 130, 168, 169, 183, 184, 192, 193, 260, 261, 288, 289, 314, 337, 358, 392, 393, 397, 398, 402, 403, 407, 408, 412, 413, 417, 418, 429, 430, 443, 444, 525, 526, 592, 593, 652, 653], "summary": {"covered_lines": 52, "num_statements": 52, "percent_covered": 100.0, "percent_covered_display": "100", "missing_lines": 0, "excluded_lines": 0, "percent_statements_covered": 100.0, "percent_statements_covered_display": "100", "num_branches": 0, "num_partial_branches": 0, "covered_branches": 0, "missing_branches": 0, "percent_branches_covered": 100.0, "percent_branches_covered_display": "100"}, "missing_lines": [], "excluded_lines": [], "start_line": 1, "executed_branches": [], "missing_branches": []}}, "classes": {"BaseDataset": {"executed_lines": [47, 49, 50, 51, 53, 55, 57, 58, 59, 60, 61, 63, 64, 65, 66, 67, 69, 70, 71, 72, 89, 90, 92, 93, 101, 117, 118, 119, 120, 121, 127, 142, 143, 145, 146, 148, 149, 150, 151, 152, 153, 159, 161, 162, 163, 164, 166, 172, 173, 174, 175, 176, 177, 178, 179, 181, 187, 188, 190, 202, 203, 205, 206, 209, 212, 213, 214, 216, 217, 218, 219, 221, 222, 223, 225, 226, 227, 228, 229, 230, 231, 233, 234, 235, 236, 237, 238, 239, 241, 242, 243, 245, 246, 247, 248, 250, 251, 252, 254, 255, 257, 258, 270, 271, 272, 273, 274, 276, 277, 285, 286, 297, 298, 299, 300, 301, 303, 304, 311, 312, 328, 329, 330, 331, 332, 333, 334, 335, 349, 350, 351, 352, 353, 354, 355, 356, 373, 374, 378, 379, 380, 381, 383, 384, 385, 388, 390, 395, 482, 483, 485, 486, 489, 491, 494, 495, 502, 503, 508, 509, 515, 523, 628, 631, 632, 635, 642, 643, 650, 686, 689, 690, 693, 699, 707], "summary": {"covered_lines": 175, "num_statements": 213, "percent_covered": 81.7629179331307, "percent_covered_display": "82", "missing_lines": 38, "excluded_lines": 0, "percent_statements_covered": 82.15962441314554, "percent_statements_covered_display": "82", "num_branches": 116, "num_partial_branches": 14, "covered_branches": 94, "missing_branches": 22, "percent_branches_covered": 81.03448275862068, "percent_branches_covered_display": "81"}, "missing_lines": [75, 122, 123, 124, 125, 207, 210, 240, 249, 400, 405, 410, 415, 427, 439, 492, 510, 563, 564, 566, 567, 569, 571, 572, 578, 579, 580, 584, 585, 586, 587, 588, 590, 629, 633, 687, 691, 700], "excluded_lines": [], "start_line": 16, "executed_branches": [[55, 57], [55, 61], [58, 59], [58, 60], [61, 63], [61, 67], [64, 65], [64, 66], [67, 69], [69, 70], [69, 71], [89, 90], [89, 92], [92, -79], [92, 93], [117, 118], [117, 127], [142, 143], [142, 145], [145, 146], [145, 148], [149, 150], [149, 161], [151, 152], [151, 153], [161, 162], [161, 166], [162, 163], [162, 164], [173, 174], [173, 179], [175, 176], [175, 177], [177, 173], [177, 178], [202, 203], [202, 205], [206, 209], [209, 212], [213, 214], [213, 216], [218, 219], [218, 221], [226, 227], [226, 233], [235, 236], [236, 237], [236, 238], [239, 241], [247, 248], [247, 257], [248, 250], [251, 252], [251, 254], [271, 272], [271, 273], [273, 274], [273, 276], [298, 299], [298, 300], [300, 301], [300, 303], [328, 329], [328, 330], [330, 331], [330, 332], [333, 334], [333, 335], [349, 350], [349, 356], [351, 352], [352, 353], [352, 354], [373, 374], [373, 378], [379, 380], [379, 381], [381, 383], [381, 388], [482, 483], [482, 485], [485, 486], [485, 489], [491, 494], [508, 509], [508, 515], [509, 523], [628, 631], [632, 635], [642, 643], [642, 650], [686, 689], [690, 693], [699, 707]], "missing_branches": [[67, 75], [206, 207], [209, 210], [235, 245], [239, 240], [248, 249], [351, 355], [491, 492], [509, 510], [563, 564], [563, 566], [566, 567], [566, 569], [571, 572], [571, 578], [579, 580], [579, 584], [628, 629], [632, 633], [686, 687], [690, 691], [699, 700]]}, "": {"executed_lines": [1, 3, 4, 5, 6, 7, 8, 10, 12, 13, 16, 29, 79, 95, 103, 129, 130, 168, 169, 183, 184, 192, 193, 260, 261, 288, 289, 314, 337, 358, 392, 393, 397, 398, 402, 403, 407, 408, 412, 413, 417, 418, 429, 430, 443, 444, 525, 526, 592, 593, 652, 653], "summary": {"covered_lines": 52, "num_statements": 52, "percent_covered": 100.0, "percent_covered_display": "100", "missing_lines": 0, "excluded_lines": 0, "percent_statements_covered": 100.0, "percent_statements_covered_display": "100", "num_branches": 0, "num_partial_branches": 0, "covered_branches": 0, "missing_branches": 0, "percent_branches_covered": 100.0, "percent_branches_covered_display": "100"}, "missing_lines": [], "excluded_lines": [], "start_line": 1, "executed_branches": [], "missing_branches": []}}}, "src/mi_crow/datasets/classification_dataset.py": {"executed_lines": [1, 3, 4, 6, 8, 9, 10, 13, 20, 42, 45, 46, 48, 50, 53, 54, 55, 56, 57, 58, 59, 61, 62, 64, 65, 66, 68, 77, 78, 80, 89, 90, 92, 93, 96, 108, 109, 118, 119, 120, 124, 125, 127, 129, 136, 137, 138, 140, 158, 159, 161, 162, 163, 165, 166, 167, 168, 169, 170, 171, 173, 174, 175, 176, 177, 179, 180, 182, 184, 185, 186, 187, 188, 192, 205, 206, 208, 224, 225, 227, 228, 229, 230, 231, 232, 233, 234, 235, 238, 239, 240, 241, 243, 254, 256, 257, 258, 259, 260, 261, 262, 263, 264, 265, 268, 269, 271, 272, 273, 274, 275, 276, 277, 278, 281, 282, 283, 284, 286, 298, 299, 300, 301, 302, 303, 305, 314, 315, 316, 318, 333, 334, 336, 337, 339, 341, 342, 343, 346, 349, 351, 352, 396, 398, 403, 404, 412, 418, 419, 423, 431, 432, 438, 446, 447, 493, 494, 496, 497, 499, 501, 502, 508, 509, 510, 514, 515, 516, 517, 518, 521, 529, 530, 566, 567, 569, 570, 571, 574, 582, 583, 584, 585, 586, 588, 595, 603, 604, 638, 639, 641, 642, 643, 646, 653, 654, 655, 656, 657, 659, 666], "summary": {"covered_lines": 201, "num_statements": 212, "percent_covered": 92.26190476190476, "percent_covered_display": "92", "missing_lines": 11, "excluded_lines": 0, "percent_statements_covered": 94.81132075471699, "percent_statements_covered_display": "95", "num_branches": 124, "num_partial_branches": 11, "covered_branches": 109, "missing_branches": 15, "percent_branches_covered": 87.90322580645162, "percent_branches_covered_display": "88"}, "missing_lines": [94, 110, 111, 113, 121, 190, 399, 413, 414, 420, 421], "excluded_lines": [], "executed_branches": [[45, 46], [45, 48], [54, 55], [54, 64], [55, 56], [55, 57], [57, 58], [57, 61], [58, 57], [58, 59], [77, -68], [77, 78], [89, 90], [89, 92], [92, -80], [92, 93], [93, 92], [108, 109], [119, 120], [119, 127], [120, 124], [136, 137], [136, 138], [158, 159], [158, 161], [162, 163], [162, 165], [165, 166], [165, 173], [166, 167], [166, 168], [168, 169], [168, 170], [173, 174], [173, 182], [175, 176], [175, 179], [182, 184], [185, 186], [185, 187], [205, -192], [205, 206], [224, 225], [224, 227], [227, 228], [227, 238], [229, 230], [229, 234], [231, 229], [231, 232], [234, -208], [234, 235], [238, -208], [238, 239], [254, 256], [254, 268], [257, 258], [257, 264], [259, 260], [259, 263], [261, 262], [269, 271], [269, 281], [272, 273], [272, 277], [273, 272], [273, 274], [275, 276], [277, 278], [277, 284], [281, 282], [281, 284], [299, 300], [299, 303], [300, 301], [300, 302], [314, 315], [314, 316], [333, 334], [333, 336], [336, 337], [336, 339], [339, 341], [339, 346], [398, 403], [412, 418], [419, 423], [493, 494], [493, 496], [496, 497], [496, 499], [501, 502], [501, 508], [509, 510], [509, 514], [566, 567], [566, 569], [570, 571], [570, 574], [582, 583], [582, 595], [584, 585], [638, 639], [638, 641], [642, 643], [642, 646], [653, 654], [653, 666], [655, 656]], "missing_branches": [[93, 94], [108, 110], [110, 111], [110, 113], [120, 121], [182, 190], [261, 259], [275, 273], [398, 399], [412, 413], [413, 414], [413, 438], [419, 420], [584, 588], [655, 659]], "functions": {"ClassificationDataset.__init__": {"executed_lines": [42, 45, 46, 48, 50, 53, 54, 55, 56, 57, 58, 59, 61, 62, 64, 65, 66], "summary": {"covered_lines": 17, "num_statements": 17, "percent_covered": 100.0, "percent_covered_display": "100", "missing_lines": 0, "excluded_lines": 0, "percent_statements_covered": 100.0, "percent_statements_covered_display": "100", "num_branches": 10, "num_partial_branches": 0, "covered_branches": 10, "missing_branches": 0, "percent_branches_covered": 100.0, "percent_branches_covered_display": "100"}, "missing_lines": [], "excluded_lines": [], "start_line": 20, "executed_branches": [[45, 46], [45, 48], [54, 55], [54, 64], [55, 56], [55, 57], [57, 58], [57, 61], [58, 57], [58, 59]], "missing_branches": []}, "ClassificationDataset._validate_text_field": {"executed_lines": [77, 78], "summary": {"covered_lines": 2, "num_statements": 2, "percent_covered": 100.0, "percent_covered_display": "100", "missing_lines": 0, "excluded_lines": 0, "percent_statements_covered": 100.0, "percent_statements_covered_display": "100", "num_branches": 2, "num_partial_branches": 0, "covered_branches": 2, "missing_branches": 0, "percent_branches_covered": 100.0, "percent_branches_covered_display": "100"}, "missing_lines": [], "excluded_lines": [], "start_line": 68, "executed_branches": [[77, -68], [77, 78]], "missing_branches": []}, "ClassificationDataset._validate_category_fields": {"executed_lines": [89, 90, 92, 93], "summary": {"covered_lines": 4, "num_statements": 5, "percent_covered": 81.81818181818181, "percent_covered_display": "82", "missing_lines": 1, "excluded_lines": 0, "percent_statements_covered": 80.0, "percent_statements_covered_display": "80", "num_branches": 6, "num_partial_branches": 1, "covered_branches": 5, "missing_branches": 1, "percent_branches_covered": 83.33333333333333, "percent_branches_covered_display": "83"}, "missing_lines": [94], "excluded_lines": [], "start_line": 80, "executed_branches": [[89, 90], [89, 92], [92, -80], [92, 93], [93, 92]], "missing_branches": [[93, 94]]}, "ClassificationDataset._extract_item_from_row": {"executed_lines": [108, 109, 118, 119, 120, 124, 125, 127], "summary": {"covered_lines": 8, "num_statements": 12, "percent_covered": 60.0, "percent_covered_display": "60", "missing_lines": 4, "excluded_lines": 0, "percent_statements_covered": 66.66666666666667, "percent_statements_covered_display": "67", "num_branches": 8, "num_partial_branches": 2, "covered_branches": 4, "missing_branches": 4, "percent_branches_covered": 50.0, "percent_branches_covered_display": "50"}, "missing_lines": [110, 111, 113, 121], "excluded_lines": [], "start_line": 96, "executed_branches": [[108, 109], [119, 120], [119, 127], [120, 124]], "missing_branches": [[108, 110], [110, 111], [110, 113], [120, 121]]}, "ClassificationDataset.__len__": {"executed_lines": [136, 137, 138], "summary": {"covered_lines": 3, "num_statements": 3, "percent_covered": 100.0, "percent_covered_display": "100", "missing_lines": 0, "excluded_lines": 0, "percent_statements_covered": 100.0, "percent_statements_covered_display": "100", "num_branches": 2, "num_partial_branches": 0, "covered_branches": 2, "missing_branches": 0, "percent_branches_covered": 100.0, "percent_branches_covered_display": "100"}, "missing_lines": [], "excluded_lines": [], "start_line": 129, "executed_branches": [[136, 137], [136, 138]], "missing_branches": []}, "ClassificationDataset.__getitem__": {"executed_lines": [158, 159, 161, 162, 163, 165, 166, 167, 168, 169, 170, 171, 173, 174, 175, 176, 177, 179, 180, 182, 184, 185, 186, 187, 188], "summary": {"covered_lines": 25, "num_statements": 26, "percent_covered": 95.45454545454545, "percent_covered_display": "95", "missing_lines": 1, "excluded_lines": 0, "percent_statements_covered": 96.15384615384616, "percent_statements_covered_display": "96", "num_branches": 18, "num_partial_branches": 1, "covered_branches": 17, "missing_branches": 1, "percent_branches_covered": 94.44444444444444, "percent_branches_covered_display": "94"}, "missing_lines": [190], "excluded_lines": [], "start_line": 140, "executed_branches": [[158, 159], [158, 161], [162, 163], [162, 165], [165, 166], [165, 173], [166, 167], [166, 168], [168, 169], [168, 170], [173, 174], [173, 182], [175, 176], [175, 179], [182, 184], [185, 186], [185, 187]], "missing_branches": [[182, 190]]}, "ClassificationDataset.iter_items": {"executed_lines": [205, 206], "summary": {"covered_lines": 2, "num_statements": 2, "percent_covered": 100.0, "percent_covered_display": "100", "missing_lines": 0, "excluded_lines": 0, "percent_statements_covered": 100.0, "percent_statements_covered_display": "100", "num_branches": 2, "num_partial_branches": 0, "covered_branches": 2, "missing_branches": 0, "percent_branches_covered": 100.0, "percent_branches_covered_display": "100"}, "missing_lines": [], "excluded_lines": [], "start_line": 192, "executed_branches": [[205, -192], [205, 206]], "missing_branches": []}, "ClassificationDataset.iter_batches": {"executed_lines": [224, 225, 227, 228, 229, 230, 231, 232, 233, 234, 235, 238, 239, 240, 241], "summary": {"covered_lines": 15, "num_statements": 15, "percent_covered": 100.0, "percent_covered_display": "100", "missing_lines": 0, "excluded_lines": 0, "percent_statements_covered": 100.0, "percent_statements_covered_display": "100", "num_branches": 12, "num_partial_branches": 0, "covered_branches": 12, "missing_branches": 0, "percent_branches_covered": 100.0, "percent_branches_covered_display": "100"}, "missing_lines": [], "excluded_lines": [], "start_line": 208, "executed_branches": [[224, 225], [224, 227], [227, 228], [227, 238], [229, 230], [229, 234], [231, 229], [231, 232], [234, -208], [234, 235], [238, -208], [238, 239]], "missing_branches": []}, "ClassificationDataset.get_categories": {"executed_lines": [254, 256, 257, 258, 259, 260, 261, 262, 263, 264, 265, 268, 269, 271, 272, 273, 274, 275, 276, 277, 278, 281, 282, 283, 284], "summary": {"covered_lines": 25, "num_statements": 25, "percent_covered": 95.55555555555556, "percent_covered_display": "96", "missing_lines": 0, "excluded_lines": 0, "percent_statements_covered": 100.0, "percent_statements_covered_display": "100", "num_branches": 20, "num_partial_branches": 2, "covered_branches": 18, "missing_branches": 2, "percent_branches_covered": 90.0, "percent_branches_covered_display": "90"}, "missing_lines": [], "excluded_lines": [], "start_line": 243, "executed_branches": [[254, 256], [254, 268], [257, 258], [257, 264], [259, 260], [259, 263], [261, 262], [269, 271], [269, 281], [272, 273], [272, 277], [273, 272], [273, 274], [275, 276], [277, 278], [277, 284], [281, 282], [281, 284]], "missing_branches": [[261, 259], [275, 273]]}, "ClassificationDataset.extract_texts_from_batch": {"executed_lines": [298, 299, 300, 301, 302, 303], "summary": {"covered_lines": 6, "num_statements": 6, "percent_covered": 100.0, "percent_covered_display": "100", "missing_lines": 0, "excluded_lines": 0, "percent_statements_covered": 100.0, "percent_statements_covered_display": "100", "num_branches": 4, "num_partial_branches": 0, "covered_branches": 4, "missing_branches": 0, "percent_branches_covered": 100.0, "percent_branches_covered_display": "100"}, "missing_lines": [], "excluded_lines": [], "start_line": 286, "executed_branches": [[299, 300], [299, 303], [300, 301], [300, 302]], "missing_branches": []}, "ClassificationDataset.get_all_texts": {"executed_lines": [314, 315, 316], "summary": {"covered_lines": 3, "num_statements": 3, "percent_covered": 100.0, "percent_covered_display": "100", "missing_lines": 0, "excluded_lines": 0, "percent_statements_covered": 100.0, "percent_statements_covered_display": "100", "num_branches": 2, "num_partial_branches": 0, "covered_branches": 2, "missing_branches": 0, "percent_branches_covered": 100.0, "percent_branches_covered_display": "100"}, "missing_lines": [], "excluded_lines": [], "start_line": 305, "executed_branches": [[314, 315], [314, 316]], "missing_branches": []}, "ClassificationDataset.get_categories_for_texts": {"executed_lines": [333, 334, 336, 337, 339, 341, 342, 343, 346, 349], "summary": {"covered_lines": 10, "num_statements": 10, "percent_covered": 100.0, "percent_covered_display": "100", "missing_lines": 0, "excluded_lines": 0, "percent_statements_covered": 100.0, "percent_statements_covered_display": "100", "num_branches": 6, "num_partial_branches": 0, "covered_branches": 6, "missing_branches": 0, "percent_branches_covered": 100.0, "percent_branches_covered_display": "100"}, "missing_lines": [], "excluded_lines": [], "start_line": 318, "executed_branches": [[333, 334], [333, 336], [336, 337], [336, 339], [339, 341], [339, 346]], "missing_branches": []}, "ClassificationDataset.from_huggingface": {"executed_lines": [396, 398, 403, 404, 412, 418, 419, 423, 431, 432, 438], "summary": {"covered_lines": 11, "num_statements": 16, "percent_covered": 58.333333333333336, "percent_covered_display": "58", "missing_lines": 5, "excluded_lines": 0, "percent_statements_covered": 68.75, "percent_statements_covered_display": "69", "num_branches": 8, "num_partial_branches": 3, "covered_branches": 3, "missing_branches": 5, "percent_branches_covered": 37.5, "percent_branches_covered_display": "38"}, "missing_lines": [399, 413, 414, 420, 421], "excluded_lines": [], "start_line": 352, "executed_branches": [[398, 403], [412, 418], [419, 423]], "missing_branches": [[398, 399], [412, 413], [413, 414], [413, 438], [419, 420]]}, "ClassificationDataset.from_disk": {"executed_lines": [493, 494, 496, 497, 499, 501, 502, 508, 509, 510, 514, 515, 516, 517, 518, 521], "summary": {"covered_lines": 16, "num_statements": 16, "percent_covered": 100.0, "percent_covered_display": "100", "missing_lines": 0, "excluded_lines": 0, "percent_statements_covered": 100.0, "percent_statements_covered_display": "100", "num_branches": 8, "num_partial_branches": 0, "covered_branches": 8, "missing_branches": 0, "percent_branches_covered": 100.0, "percent_branches_covered_display": "100"}, "missing_lines": [], "excluded_lines": [], "start_line": 447, "executed_branches": [[493, 494], [493, 496], [496, 497], [496, 499], [501, 502], [501, 508], [509, 510], [509, 514]], "missing_branches": []}, "ClassificationDataset.from_csv": {"executed_lines": [566, 567, 569, 570, 571, 574, 582, 583, 584, 585, 586, 588, 595], "summary": {"covered_lines": 13, "num_statements": 13, "percent_covered": 95.23809523809524, "percent_covered_display": "95", "missing_lines": 0, "excluded_lines": 0, "percent_statements_covered": 100.0, "percent_statements_covered_display": "100", "num_branches": 8, "num_partial_branches": 1, "covered_branches": 7, "missing_branches": 1, "percent_branches_covered": 87.5, "percent_branches_covered_display": "88"}, "missing_lines": [], "excluded_lines": [], "start_line": 530, "executed_branches": [[566, 567], [566, 569], [570, 571], [570, 574], [582, 583], [582, 595], [584, 585]], "missing_branches": [[584, 588]]}, "ClassificationDataset.from_json": {"executed_lines": [638, 639, 641, 642, 643, 646, 653, 654, 655, 656, 657, 659, 666], "summary": {"covered_lines": 13, "num_statements": 13, "percent_covered": 95.23809523809524, "percent_covered_display": "95", "missing_lines": 0, "excluded_lines": 0, "percent_statements_covered": 100.0, "percent_statements_covered_display": "100", "num_branches": 8, "num_partial_branches": 1, "covered_branches": 7, "missing_branches": 1, "percent_branches_covered": 87.5, "percent_branches_covered_display": "88"}, "missing_lines": [], "excluded_lines": [], "start_line": 604, "executed_branches": [[638, 639], [638, 641], [642, 643], [642, 646], [653, 654], [653, 666], [655, 656]], "missing_branches": [[655, 659]]}, "": {"executed_lines": [1, 3, 4, 6, 8, 9, 10, 13, 20, 68, 80, 96, 129, 140, 192, 208, 243, 286, 305, 318, 351, 352, 446, 447, 529, 530, 603, 604], "summary": {"covered_lines": 28, "num_statements": 28, "percent_covered": 100.0, "percent_covered_display": "100", "missing_lines": 0, "excluded_lines": 0, "percent_statements_covered": 100.0, "percent_statements_covered_display": "100", "num_branches": 0, "num_partial_branches": 0, "covered_branches": 0, "missing_branches": 0, "percent_branches_covered": 100.0, "percent_branches_covered_display": "100"}, "missing_lines": [], "excluded_lines": [], "start_line": 1, "executed_branches": [], "missing_branches": []}}, "classes": {"ClassificationDataset": {"executed_lines": [42, 45, 46, 48, 50, 53, 54, 55, 56, 57, 58, 59, 61, 62, 64, 65, 66, 77, 78, 89, 90, 92, 93, 108, 109, 118, 119, 120, 124, 125, 127, 136, 137, 138, 158, 159, 161, 162, 163, 165, 166, 167, 168, 169, 170, 171, 173, 174, 175, 176, 177, 179, 180, 182, 184, 185, 186, 187, 188, 205, 206, 224, 225, 227, 228, 229, 230, 231, 232, 233, 234, 235, 238, 239, 240, 241, 254, 256, 257, 258, 259, 260, 261, 262, 263, 264, 265, 268, 269, 271, 272, 273, 274, 275, 276, 277, 278, 281, 282, 283, 284, 298, 299, 300, 301, 302, 303, 314, 315, 316, 333, 334, 336, 337, 339, 341, 342, 343, 346, 349, 396, 398, 403, 404, 412, 418, 419, 423, 431, 432, 438, 493, 494, 496, 497, 499, 501, 502, 508, 509, 510, 514, 515, 516, 517, 518, 521, 566, 567, 569, 570, 571, 574, 582, 583, 584, 585, 586, 588, 595, 638, 639, 641, 642, 643, 646, 653, 654, 655, 656, 657, 659, 666], "summary": {"covered_lines": 173, "num_statements": 184, "percent_covered": 91.55844155844156, "percent_covered_display": "92", "missing_lines": 11, "excluded_lines": 0, "percent_statements_covered": 94.02173913043478, "percent_statements_covered_display": "94", "num_branches": 124, "num_partial_branches": 11, "covered_branches": 109, "missing_branches": 15, "percent_branches_covered": 87.90322580645162, "percent_branches_covered_display": "88"}, "missing_lines": [94, 110, 111, 113, 121, 190, 399, 413, 414, 420, 421], "excluded_lines": [], "start_line": 13, "executed_branches": [[45, 46], [45, 48], [54, 55], [54, 64], [55, 56], [55, 57], [57, 58], [57, 61], [58, 57], [58, 59], [77, -68], [77, 78], [89, 90], [89, 92], [92, -80], [92, 93], [93, 92], [108, 109], [119, 120], [119, 127], [120, 124], [136, 137], [136, 138], [158, 159], [158, 161], [162, 163], [162, 165], [165, 166], [165, 173], [166, 167], [166, 168], [168, 169], [168, 170], [173, 174], [173, 182], [175, 176], [175, 179], [182, 184], [185, 186], [185, 187], [205, -192], [205, 206], [224, 225], [224, 227], [227, 228], [227, 238], [229, 230], [229, 234], [231, 229], [231, 232], [234, -208], [234, 235], [238, -208], [238, 239], [254, 256], [254, 268], [257, 258], [257, 264], [259, 260], [259, 263], [261, 262], [269, 271], [269, 281], [272, 273], [272, 277], [273, 272], [273, 274], [275, 276], [277, 278], [277, 284], [281, 282], [281, 284], [299, 300], [299, 303], [300, 301], [300, 302], [314, 315], [314, 316], [333, 334], [333, 336], [336, 337], [336, 339], [339, 341], [339, 346], [398, 403], [412, 418], [419, 423], [493, 494], [493, 496], [496, 497], [496, 499], [501, 502], [501, 508], [509, 510], [509, 514], [566, 567], [566, 569], [570, 571], [570, 574], [582, 583], [582, 595], [584, 585], [638, 639], [638, 641], [642, 643], [642, 646], [653, 654], [653, 666], [655, 656]], "missing_branches": [[93, 94], [108, 110], [110, 111], [110, 113], [120, 121], [182, 190], [261, 259], [275, 273], [398, 399], [412, 413], [413, 414], [413, 438], [419, 420], [584, 588], [655, 659]]}, "": {"executed_lines": [1, 3, 4, 6, 8, 9, 10, 13, 20, 68, 80, 96, 129, 140, 192, 208, 243, 286, 305, 318, 351, 352, 446, 447, 529, 530, 603, 604], "summary": {"covered_lines": 28, "num_statements": 28, "percent_covered": 100.0, "percent_covered_display": "100", "missing_lines": 0, "excluded_lines": 0, "percent_statements_covered": 100.0, "percent_statements_covered_display": "100", "num_branches": 0, "num_partial_branches": 0, "covered_branches": 0, "missing_branches": 0, "percent_branches_covered": 100.0, "percent_branches_covered_display": "100"}, "missing_lines": [], "excluded_lines": [], "start_line": 1, "executed_branches": [], "missing_branches": []}}}, "src/mi_crow/datasets/loading_strategy.py": {"executed_lines": [1, 3, 4, 7, 23, 24, 25, 28], "summary": {"covered_lines": 8, "num_statements": 8, "percent_covered": 100.0, "percent_covered_display": "100", "missing_lines": 0, "excluded_lines": 0, "percent_statements_covered": 100.0, "percent_statements_covered_display": "100", "num_branches": 0, "num_partial_branches": 0, "covered_branches": 0, "missing_branches": 0, "percent_branches_covered": 100.0, "percent_branches_covered_display": "100"}, "missing_lines": [], "excluded_lines": [], "executed_branches": [], "missing_branches": [], "functions": {"": {"executed_lines": [1, 3, 4, 7, 23, 24, 25, 28], "summary": {"covered_lines": 8, "num_statements": 8, "percent_covered": 100.0, "percent_covered_display": "100", "missing_lines": 0, "excluded_lines": 0, "percent_statements_covered": 100.0, "percent_statements_covered_display": "100", "num_branches": 0, "num_partial_branches": 0, "covered_branches": 0, "missing_branches": 0, "percent_branches_covered": 100.0, "percent_branches_covered_display": "100"}, "missing_lines": [], "excluded_lines": [], "start_line": 1, "executed_branches": [], "missing_branches": []}}, "classes": {"LoadingStrategy": {"executed_lines": [], "summary": {"covered_lines": 0, "num_statements": 0, "percent_covered": 100.0, "percent_covered_display": "100", "missing_lines": 0, "excluded_lines": 0, "percent_statements_covered": 100.0, "percent_statements_covered_display": "100", "num_branches": 0, "num_partial_branches": 0, "covered_branches": 0, "missing_branches": 0, "percent_branches_covered": 100.0, "percent_branches_covered_display": "100"}, "missing_lines": [], "excluded_lines": [], "start_line": 7, "executed_branches": [], "missing_branches": []}, "": {"executed_lines": [1, 3, 4, 7, 23, 24, 25, 28], "summary": {"covered_lines": 8, "num_statements": 8, "percent_covered": 100.0, "percent_covered_display": "100", "missing_lines": 0, "excluded_lines": 0, "percent_statements_covered": 100.0, "percent_statements_covered_display": "100", "num_branches": 0, "num_partial_branches": 0, "covered_branches": 0, "missing_branches": 0, "percent_branches_covered": 100.0, "percent_branches_covered_display": "100"}, "missing_lines": [], "excluded_lines": [], "start_line": 1, "executed_branches": [], "missing_branches": []}}}, "src/mi_crow/datasets/text_dataset.py": {"executed_lines": [1, 3, 4, 5, 7, 9, 10, 11, 14, 20, 39, 42, 43, 44, 45, 47, 48, 49, 50, 51, 52, 54, 55, 57, 66, 67, 69, 81, 82, 83, 86, 90, 92, 99, 100, 101, 103, 118, 121, 122, 125, 126, 127, 128, 129, 130, 132, 133, 134, 138, 139, 141, 143, 144, 146, 147, 149, 151, 161, 162, 164, 177, 178, 180, 181, 182, 183, 184, 185, 186, 187, 188, 190, 191, 193, 204, 206, 215, 216, 217, 219, 261, 262, 304, 306, 307, 311, 312, 320, 321, 322, 326, 327, 335, 336, 342, 344, 345, 384, 385, 387, 388, 390, 392, 393, 399, 400, 401, 405, 406, 407, 408, 409, 412, 419, 420, 454, 457, 458, 462, 470, 479, 486, 487, 519, 522, 523, 527, 534, 543, 550, 551, 582, 583, 584, 586, 587, 588, 589, 590, 591, 595, 596, 598, 600, 601, 608, 615, 624, 629], "summary": {"covered_lines": 150, "num_statements": 185, "percent_covered": 78.24561403508773, "percent_covered_display": "78", "missing_lines": 35, "excluded_lines": 0, "percent_statements_covered": 81.08108108108108, "percent_statements_covered_display": "81", "num_branches": 100, "num_partial_branches": 17, "covered_branches": 73, "missing_branches": 27, "percent_branches_covered": 73.0, "percent_branches_covered_display": "73"}, "missing_lines": [84, 119, 123, 135, 136, 145, 233, 234, 238, 239, 241, 242, 243, 244, 245, 246, 247, 249, 250, 251, 252, 254, 455, 459, 471, 472, 520, 524, 535, 536, 592, 593, 602, 609, 616], "excluded_lines": [], "executed_branches": [[43, 44], [44, 45], [44, 47], [48, 49], [48, 50], [50, 51], [50, 52], [66, -57], [66, 67], [81, 82], [81, 83], [83, 86], [99, 100], [99, 101], [118, 121], [122, 125], [125, 126], [125, 132], [126, 127], [126, 128], [128, 129], [128, 130], [132, 133], [132, 141], [134, 138], [141, 143], [141, 149], [144, 146], [161, -151], [161, 162], [177, 178], [177, 180], [180, 181], [180, 190], [182, 183], [182, 187], [184, 182], [184, 185], [187, 188], [190, -164], [190, 191], [215, 216], [215, 217], [306, 307], [306, 311], [320, 321], [320, 326], [321, 322], [384, 385], [384, 387], [387, 388], [387, 390], [392, 393], [392, 399], [400, 401], [400, 405], [454, 457], [458, 462], [470, 479], [519, 522], [523, 527], [534, 543], [583, 584], [583, 586], [586, 587], [586, 600], [590, 591], [590, 595], [595, 596], [595, 598], [601, 608], [608, 615], [615, 624]], "missing_branches": [[43, 54], [83, 84], [118, 119], [122, 123], [134, 135], [144, 145], [187, -164], [233, 234], [233, 238], [238, 239], [238, 241], [242, 243], [242, 249], [243, 244], [243, 245], [249, 250], [249, 251], [321, 342], [454, 455], [458, 459], [470, 471], [519, 520], [523, 524], [534, 535], [601, 602], [608, 609], [615, 616]], "functions": {"TextDataset.__init__": {"executed_lines": [39, 42, 43, 44, 45, 47, 48, 49, 50, 51, 52, 54, 55], "summary": {"covered_lines": 13, "num_statements": 13, "percent_covered": 95.23809523809524, "percent_covered_display": "95", "missing_lines": 0, "excluded_lines": 0, "percent_statements_covered": 100.0, "percent_statements_covered_display": "100", "num_branches": 8, "num_partial_branches": 1, "covered_branches": 7, "missing_branches": 1, "percent_branches_covered": 87.5, "percent_branches_covered_display": "88"}, "missing_lines": [], "excluded_lines": [], "start_line": 20, "executed_branches": [[43, 44], [44, 45], [44, 47], [48, 49], [48, 50], [50, 51], [50, 52]], "missing_branches": [[43, 54]]}, "TextDataset._validate_text_field": {"executed_lines": [66, 67], "summary": {"covered_lines": 2, "num_statements": 2, "percent_covered": 100.0, "percent_covered_display": "100", "missing_lines": 0, "excluded_lines": 0, "percent_statements_covered": 100.0, "percent_statements_covered_display": "100", "num_branches": 2, "num_partial_branches": 0, "covered_branches": 2, "missing_branches": 0, "percent_branches_covered": 100.0, "percent_branches_covered_display": "100"}, "missing_lines": [], "excluded_lines": [], "start_line": 57, "executed_branches": [[66, -57], [66, 67]], "missing_branches": []}, "TextDataset._extract_text_from_row": {"executed_lines": [81, 82, 83, 86, 90], "summary": {"covered_lines": 5, "num_statements": 6, "percent_covered": 80.0, "percent_covered_display": "80", "missing_lines": 1, "excluded_lines": 0, "percent_statements_covered": 83.33333333333333, "percent_statements_covered_display": "83", "num_branches": 4, "num_partial_branches": 1, "covered_branches": 3, "missing_branches": 1, "percent_branches_covered": 75.0, "percent_branches_covered_display": "75"}, "missing_lines": [84], "excluded_lines": [], "start_line": 69, "executed_branches": [[81, 82], [81, 83], [83, 86]], "missing_branches": [[83, 84]]}, "TextDataset.__len__": {"executed_lines": [99, 100, 101], "summary": {"covered_lines": 3, "num_statements": 3, "percent_covered": 100.0, "percent_covered_display": "100", "missing_lines": 0, "excluded_lines": 0, "percent_statements_covered": 100.0, "percent_statements_covered_display": "100", "num_branches": 2, "num_partial_branches": 0, "covered_branches": 2, "missing_branches": 0, "percent_branches_covered": 100.0, "percent_branches_covered_display": "100"}, "missing_lines": [], "excluded_lines": [], "start_line": 92, "executed_branches": [[99, 100], [99, 101]], "missing_branches": []}, "TextDataset.__getitem__": {"executed_lines": [118, 121, 122, 125, 126, 127, 128, 129, 130, 132, 133, 134, 138, 139, 141, 143, 144, 146, 147, 149], "summary": {"covered_lines": 20, "num_statements": 25, "percent_covered": 79.06976744186046, "percent_covered_display": "79", "missing_lines": 5, "excluded_lines": 0, "percent_statements_covered": 80.0, "percent_statements_covered_display": "80", "num_branches": 18, "num_partial_branches": 4, "covered_branches": 14, "missing_branches": 4, "percent_branches_covered": 77.77777777777777, "percent_branches_covered_display": "78"}, "missing_lines": [119, 123, 135, 136, 145], "excluded_lines": [], "start_line": 103, "executed_branches": [[118, 121], [122, 125], [125, 126], [125, 132], [126, 127], [126, 128], [128, 129], [128, 130], [132, 133], [132, 141], [134, 138], [141, 143], [141, 149], [144, 146]], "missing_branches": [[118, 119], [122, 123], [134, 135], [144, 145]]}, "TextDataset.iter_items": {"executed_lines": [161, 162], "summary": {"covered_lines": 2, "num_statements": 2, "percent_covered": 100.0, "percent_covered_display": "100", "missing_lines": 0, "excluded_lines": 0, "percent_statements_covered": 100.0, "percent_statements_covered_display": "100", "num_branches": 2, "num_partial_branches": 0, "covered_branches": 2, "missing_branches": 0, "percent_branches_covered": 100.0, "percent_branches_covered_display": "100"}, "missing_lines": [], "excluded_lines": [], "start_line": 151, "executed_branches": [[161, -151], [161, 162]], "missing_branches": []}, "TextDataset.iter_batches": {"executed_lines": [177, 178, 180, 181, 182, 183, 184, 185, 186, 187, 188, 190, 191], "summary": {"covered_lines": 13, "num_statements": 13, "percent_covered": 96.0, "percent_covered_display": "96", "missing_lines": 0, "excluded_lines": 0, "percent_statements_covered": 100.0, "percent_statements_covered_display": "100", "num_branches": 12, "num_partial_branches": 1, "covered_branches": 11, "missing_branches": 1, "percent_branches_covered": 91.66666666666667, "percent_branches_covered_display": "92"}, "missing_lines": [], "excluded_lines": [], "start_line": 164, "executed_branches": [[177, 178], [177, 180], [180, 181], [180, 190], [182, 183], [182, 187], [184, 182], [184, 185], [187, 188], [190, -164], [190, 191]], "missing_branches": [[187, -164]]}, "TextDataset.extract_texts_from_batch": {"executed_lines": [204], "summary": {"covered_lines": 1, "num_statements": 1, "percent_covered": 100.0, "percent_covered_display": "100", "missing_lines": 0, "excluded_lines": 0, "percent_statements_covered": 100.0, "percent_statements_covered_display": "100", "num_branches": 0, "num_partial_branches": 0, "covered_branches": 0, "missing_branches": 0, "percent_branches_covered": 100.0, "percent_branches_covered_display": "100"}, "missing_lines": [], "excluded_lines": [], "start_line": 193, "executed_branches": [], "missing_branches": []}, "TextDataset.get_all_texts": {"executed_lines": [215, 216, 217], "summary": {"covered_lines": 3, "num_statements": 3, "percent_covered": 100.0, "percent_covered_display": "100", "missing_lines": 0, "excluded_lines": 0, "percent_statements_covered": 100.0, "percent_statements_covered_display": "100", "num_branches": 2, "num_partial_branches": 0, "covered_branches": 2, "missing_branches": 0, "percent_branches_covered": 100.0, "percent_branches_covered_display": "100"}, "missing_lines": [], "excluded_lines": [], "start_line": 206, "executed_branches": [[215, 216], [215, 217]], "missing_branches": []}, "TextDataset.random_sample": {"executed_lines": [], "summary": {"covered_lines": 0, "num_statements": 16, "percent_covered": 0.0, "percent_covered_display": "0", "missing_lines": 16, "excluded_lines": 0, "percent_statements_covered": 0.0, "percent_statements_covered_display": "0", "num_branches": 10, "num_partial_branches": 0, "covered_branches": 0, "missing_branches": 10, "percent_branches_covered": 0.0, "percent_branches_covered_display": "0"}, "missing_lines": [233, 234, 238, 239, 241, 242, 243, 244, 245, 246, 247, 249, 250, 251, 252, 254], "excluded_lines": [], "start_line": 219, "executed_branches": [], "missing_branches": [[233, 234], [233, 238], [238, 239], [238, 241], [242, 243], [242, 249], [243, 244], [243, 245], [249, 250], [249, 251]]}, "TextDataset.from_huggingface": {"executed_lines": [304, 306, 307, 311, 312, 320, 321, 322, 326, 327, 335, 336, 342], "summary": {"covered_lines": 13, "num_statements": 13, "percent_covered": 94.73684210526316, "percent_covered_display": "95", "missing_lines": 0, "excluded_lines": 0, "percent_statements_covered": 100.0, "percent_statements_covered_display": "100", "num_branches": 6, "num_partial_branches": 1, "covered_branches": 5, "missing_branches": 1, "percent_branches_covered": 83.33333333333333, "percent_branches_covered_display": "83"}, "missing_lines": [], "excluded_lines": [], "start_line": 262, "executed_branches": [[306, 307], [306, 311], [320, 321], [320, 326], [321, 322]], "missing_branches": [[321, 342]]}, "TextDataset.from_disk": {"executed_lines": [384, 385, 387, 388, 390, 392, 393, 399, 400, 401, 405, 406, 407, 408, 409, 412], "summary": {"covered_lines": 16, "num_statements": 16, "percent_covered": 100.0, "percent_covered_display": "100", "missing_lines": 0, "excluded_lines": 0, "percent_statements_covered": 100.0, "percent_statements_covered_display": "100", "num_branches": 8, "num_partial_branches": 0, "covered_branches": 8, "missing_branches": 0, "percent_branches_covered": 100.0, "percent_branches_covered_display": "100"}, "missing_lines": [], "excluded_lines": [], "start_line": 345, "executed_branches": [[384, 385], [384, 387], [387, 388], [387, 390], [392, 393], [392, 399], [400, 401], [400, 405]], "missing_branches": []}, "TextDataset.from_csv": {"executed_lines": [454, 457, 458, 462, 470, 479], "summary": {"covered_lines": 6, "num_statements": 10, "percent_covered": 56.25, "percent_covered_display": "56", "missing_lines": 4, "excluded_lines": 0, "percent_statements_covered": 60.0, "percent_statements_covered_display": "60", "num_branches": 6, "num_partial_branches": 3, "covered_branches": 3, "missing_branches": 3, "percent_branches_covered": 50.0, "percent_branches_covered_display": "50"}, "missing_lines": [455, 459, 471, 472], "excluded_lines": [], "start_line": 420, "executed_branches": [[454, 457], [458, 462], [470, 479]], "missing_branches": [[454, 455], [458, 459], [470, 471]]}, "TextDataset.from_json": {"executed_lines": [519, 522, 523, 527, 534, 543], "summary": {"covered_lines": 6, "num_statements": 10, "percent_covered": 56.25, "percent_covered_display": "56", "missing_lines": 4, "excluded_lines": 0, "percent_statements_covered": 60.0, "percent_statements_covered_display": "60", "num_branches": 6, "num_partial_branches": 3, "covered_branches": 3, "missing_branches": 3, "percent_branches_covered": 50.0, "percent_branches_covered_display": "50"}, "missing_lines": [520, 524, 535, 536], "excluded_lines": [], "start_line": 487, "executed_branches": [[519, 522], [523, 527], [534, 543]], "missing_branches": [[519, 520], [523, 524], [534, 535]]}, "TextDataset.from_local": {"executed_lines": [582, 583, 584, 586, 587, 588, 589, 590, 591, 595, 596, 598, 600, 601, 608, 615, 624, 629], "summary": {"covered_lines": 18, "num_statements": 23, "percent_covered": 78.37837837837837, "percent_covered_display": "78", "missing_lines": 5, "excluded_lines": 0, "percent_statements_covered": 78.26086956521739, "percent_statements_covered_display": "78", "num_branches": 14, "num_partial_branches": 3, "covered_branches": 11, "missing_branches": 3, "percent_branches_covered": 78.57142857142857, "percent_branches_covered_display": "79"}, "missing_lines": [592, 593, 602, 609, 616], "excluded_lines": [], "start_line": 551, "executed_branches": [[583, 584], [583, 586], [586, 587], [586, 600], [590, 591], [590, 595], [595, 596], [595, 598], [601, 608], [608, 615], [615, 624]], "missing_branches": [[601, 602], [608, 609], [615, 616]]}, "": {"executed_lines": [1, 3, 4, 5, 7, 9, 10, 11, 14, 20, 57, 69, 92, 103, 151, 164, 193, 206, 219, 261, 262, 344, 345, 419, 420, 486, 487, 550, 551], "summary": {"covered_lines": 29, "num_statements": 29, "percent_covered": 100.0, "percent_covered_display": "100", "missing_lines": 0, "excluded_lines": 0, "percent_statements_covered": 100.0, "percent_statements_covered_display": "100", "num_branches": 0, "num_partial_branches": 0, "covered_branches": 0, "missing_branches": 0, "percent_branches_covered": 100.0, "percent_branches_covered_display": "100"}, "missing_lines": [], "excluded_lines": [], "start_line": 1, "executed_branches": [], "missing_branches": []}}, "classes": {"TextDataset": {"executed_lines": [39, 42, 43, 44, 45, 47, 48, 49, 50, 51, 52, 54, 55, 66, 67, 81, 82, 83, 86, 90, 99, 100, 101, 118, 121, 122, 125, 126, 127, 128, 129, 130, 132, 133, 134, 138, 139, 141, 143, 144, 146, 147, 149, 161, 162, 177, 178, 180, 181, 182, 183, 184, 185, 186, 187, 188, 190, 191, 204, 215, 216, 217, 304, 306, 307, 311, 312, 320, 321, 322, 326, 327, 335, 336, 342, 384, 385, 387, 388, 390, 392, 393, 399, 400, 401, 405, 406, 407, 408, 409, 412, 454, 457, 458, 462, 470, 479, 519, 522, 523, 527, 534, 543, 582, 583, 584, 586, 587, 588, 589, 590, 591, 595, 596, 598, 600, 601, 608, 615, 624, 629], "summary": {"covered_lines": 121, "num_statements": 156, "percent_covered": 75.78125, "percent_covered_display": "76", "missing_lines": 35, "excluded_lines": 0, "percent_statements_covered": 77.56410256410257, "percent_statements_covered_display": "78", "num_branches": 100, "num_partial_branches": 17, "covered_branches": 73, "missing_branches": 27, "percent_branches_covered": 73.0, "percent_branches_covered_display": "73"}, "missing_lines": [84, 119, 123, 135, 136, 145, 233, 234, 238, 239, 241, 242, 243, 244, 245, 246, 247, 249, 250, 251, 252, 254, 455, 459, 471, 472, 520, 524, 535, 536, 592, 593, 602, 609, 616], "excluded_lines": [], "start_line": 14, "executed_branches": [[43, 44], [44, 45], [44, 47], [48, 49], [48, 50], [50, 51], [50, 52], [66, -57], [66, 67], [81, 82], [81, 83], [83, 86], [99, 100], [99, 101], [118, 121], [122, 125], [125, 126], [125, 132], [126, 127], [126, 128], [128, 129], [128, 130], [132, 133], [132, 141], [134, 138], [141, 143], [141, 149], [144, 146], [161, -151], [161, 162], [177, 178], [177, 180], [180, 181], [180, 190], [182, 183], [182, 187], [184, 182], [184, 185], [187, 188], [190, -164], [190, 191], [215, 216], [215, 217], [306, 307], [306, 311], [320, 321], [320, 326], [321, 322], [384, 385], [384, 387], [387, 388], [387, 390], [392, 393], [392, 399], [400, 401], [400, 405], [454, 457], [458, 462], [470, 479], [519, 522], [523, 527], [534, 543], [583, 584], [583, 586], [586, 587], [586, 600], [590, 591], [590, 595], [595, 596], [595, 598], [601, 608], [608, 615], [615, 624]], "missing_branches": [[43, 54], [83, 84], [118, 119], [122, 123], [134, 135], [144, 145], [187, -164], [233, 234], [233, 238], [238, 239], [238, 241], [242, 243], [242, 249], [243, 244], [243, 245], [249, 250], [249, 251], [321, 342], [454, 455], [458, 459], [470, 471], [519, 520], [523, 524], [534, 535], [601, 602], [608, 609], [615, 616]]}, "": {"executed_lines": [1, 3, 4, 5, 7, 9, 10, 11, 14, 20, 57, 69, 92, 103, 151, 164, 193, 206, 219, 261, 262, 344, 345, 419, 420, 486, 487, 550, 551], "summary": {"covered_lines": 29, "num_statements": 29, "percent_covered": 100.0, "percent_covered_display": "100", "missing_lines": 0, "excluded_lines": 0, "percent_statements_covered": 100.0, "percent_statements_covered_display": "100", "num_branches": 0, "num_partial_branches": 0, "covered_branches": 0, "missing_branches": 0, "percent_branches_covered": 100.0, "percent_branches_covered_display": "100"}, "missing_lines": [], "excluded_lines": [], "start_line": 1, "executed_branches": [], "missing_branches": []}}}, "src/mi_crow/hooks/__init__.py": {"executed_lines": [1, 2, 3, 4, 5, 6, 7, 9], "summary": {"covered_lines": 8, "num_statements": 8, "percent_covered": 100.0, "percent_covered_display": "100", "missing_lines": 0, "excluded_lines": 0, "percent_statements_covered": 100.0, "percent_statements_covered_display": "100", "num_branches": 0, "num_partial_branches": 0, "covered_branches": 0, "missing_branches": 0, "percent_branches_covered": 100.0, "percent_branches_covered_display": "100"}, "missing_lines": [], "excluded_lines": [], "executed_branches": [], "missing_branches": [], "functions": {"": {"executed_lines": [1, 2, 3, 4, 5, 6, 7, 9], "summary": {"covered_lines": 8, "num_statements": 8, "percent_covered": 100.0, "percent_covered_display": "100", "missing_lines": 0, "excluded_lines": 0, "percent_statements_covered": 100.0, "percent_statements_covered_display": "100", "num_branches": 0, "num_partial_branches": 0, "covered_branches": 0, "missing_branches": 0, "percent_branches_covered": 100.0, "percent_branches_covered_display": "100"}, "missing_lines": [], "excluded_lines": [], "start_line": 1, "executed_branches": [], "missing_branches": []}}, "classes": {"": {"executed_lines": [1, 2, 3, 4, 5, 6, 7, 9], "summary": {"covered_lines": 8, "num_statements": 8, "percent_covered": 100.0, "percent_covered_display": "100", "missing_lines": 0, "excluded_lines": 0, "percent_statements_covered": 100.0, "percent_statements_covered_display": "100", "num_branches": 0, "num_partial_branches": 0, "covered_branches": 0, "missing_branches": 0, "percent_branches_covered": 100.0, "percent_branches_covered_display": "100"}, "missing_lines": [], "excluded_lines": [], "start_line": 1, "executed_branches": [], "missing_branches": []}}}, "src/mi_crow/hooks/controller.py": {"executed_lines": [1, 3, 4, 6, 7, 9, 10, 15, 20, 23, 31, 45, 47, 61, 63, 64, 66, 68, 69, 70, 71, 72, 75, 88, 90, 91, 93, 94, 96, 97, 99, 123, 124, 127, 129, 130, 131, 132, 137, 138, 139, 141, 142, 143, 144, 148, 149], "summary": {"covered_lines": 47, "num_statements": 49, "percent_covered": 92.3076923076923, "percent_covered_display": "92", "missing_lines": 2, "excluded_lines": 2, "percent_statements_covered": 95.91836734693878, "percent_statements_covered_display": "96", "num_branches": 16, "num_partial_branches": 3, "covered_branches": 13, "missing_branches": 3, "percent_branches_covered": 81.25, "percent_branches_covered_display": "81"}, "missing_lines": [73, 173], "excluded_lines": [17, 18], "executed_branches": [[63, 64], [63, 66], [68, 69], [70, 71], [90, 91], [90, 93], [96, 97], [123, 124], [123, 127], [127, 129], [127, 137], [138, 139], [138, 141]], "missing_branches": [[68, 73], [70, 72], [96, -75]], "functions": {"Controller.__init__": {"executed_lines": [45], "summary": {"covered_lines": 1, "num_statements": 1, "percent_covered": 100.0, "percent_covered_display": "100", "missing_lines": 0, "excluded_lines": 0, "percent_statements_covered": 100.0, "percent_statements_covered_display": "100", "num_branches": 0, "num_partial_branches": 0, "covered_branches": 0, "missing_branches": 0, "percent_branches_covered": 100.0, "percent_branches_covered_display": "100"}, "missing_lines": [], "excluded_lines": [], "start_line": 31, "executed_branches": [], "missing_branches": []}, "Controller._handle_pre_forward": {"executed_lines": [61, 63, 64, 66, 68, 69, 70, 71, 72], "summary": {"covered_lines": 9, "num_statements": 10, "percent_covered": 81.25, "percent_covered_display": "81", "missing_lines": 1, "excluded_lines": 0, "percent_statements_covered": 90.0, "percent_statements_covered_display": "90", "num_branches": 6, "num_partial_branches": 2, "covered_branches": 4, "missing_branches": 2, "percent_branches_covered": 66.66666666666667, "percent_branches_covered_display": "67"}, "missing_lines": [73], "excluded_lines": [], "start_line": 47, "executed_branches": [[63, 64], [63, 66], [68, 69], [70, 71]], "missing_branches": [[68, 73], [70, 72]]}, "Controller._handle_forward": {"executed_lines": [88, 90, 91, 93, 94, 96, 97], "summary": {"covered_lines": 7, "num_statements": 7, "percent_covered": 90.9090909090909, "percent_covered_display": "91", "missing_lines": 0, "excluded_lines": 0, "percent_statements_covered": 100.0, "percent_statements_covered_display": "100", "num_branches": 4, "num_partial_branches": 1, "covered_branches": 3, "missing_branches": 1, "percent_branches_covered": 75.0, "percent_branches_covered_display": "75"}, "missing_lines": [], "excluded_lines": [], "start_line": 75, "executed_branches": [[90, 91], [90, 93], [96, 97]], "missing_branches": [[96, -75]]}, "Controller._hook_fn": {"executed_lines": [123, 124, 127, 129, 130, 131, 132, 137, 138, 139, 141, 142, 143, 144], "summary": {"covered_lines": 14, "num_statements": 14, "percent_covered": 100.0, "percent_covered_display": "100", "missing_lines": 0, "excluded_lines": 0, "percent_statements_covered": 100.0, "percent_statements_covered_display": "100", "num_branches": 6, "num_partial_branches": 0, "covered_branches": 6, "missing_branches": 0, "percent_branches_covered": 100.0, "percent_branches_covered_display": "100"}, "missing_lines": [], "excluded_lines": [], "start_line": 99, "executed_branches": [[123, 124], [123, 127], [127, 129], [127, 137], [138, 139], [138, 141]], "missing_branches": []}, "Controller.modify_activations": {"executed_lines": [], "summary": {"covered_lines": 0, "num_statements": 1, "percent_covered": 0.0, "percent_covered_display": "0", "missing_lines": 1, "excluded_lines": 0, "percent_statements_covered": 0.0, "percent_statements_covered_display": "0", "num_branches": 0, "num_partial_branches": 0, "covered_branches": 0, "missing_branches": 0, "percent_branches_covered": 100.0, "percent_branches_covered_display": "100"}, "missing_lines": [173], "excluded_lines": [], "start_line": 149, "executed_branches": [], "missing_branches": []}, "": {"executed_lines": [1, 3, 4, 6, 7, 9, 10, 15, 20, 23, 31, 47, 75, 99, 148, 149], "summary": {"covered_lines": 16, "num_statements": 16, "percent_covered": 100.0, "percent_covered_display": "100", "missing_lines": 0, "excluded_lines": 2, "percent_statements_covered": 100.0, "percent_statements_covered_display": "100", "num_branches": 0, "num_partial_branches": 0, "covered_branches": 0, "missing_branches": 0, "percent_branches_covered": 100.0, "percent_branches_covered_display": "100"}, "missing_lines": [], "excluded_lines": [17, 18], "start_line": 1, "executed_branches": [], "missing_branches": []}}, "classes": {"Controller": {"executed_lines": [45, 61, 63, 64, 66, 68, 69, 70, 71, 72, 88, 90, 91, 93, 94, 96, 97, 123, 124, 127, 129, 130, 131, 132, 137, 138, 139, 141, 142, 143, 144], "summary": {"covered_lines": 31, "num_statements": 33, "percent_covered": 89.79591836734694, "percent_covered_display": "90", "missing_lines": 2, "excluded_lines": 0, "percent_statements_covered": 93.93939393939394, "percent_statements_covered_display": "94", "num_branches": 16, "num_partial_branches": 3, "covered_branches": 13, "missing_branches": 3, "percent_branches_covered": 81.25, "percent_branches_covered_display": "81"}, "missing_lines": [73, 173], "excluded_lines": [], "start_line": 23, "executed_branches": [[63, 64], [63, 66], [68, 69], [70, 71], [90, 91], [90, 93], [96, 97], [123, 124], [123, 127], [127, 129], [127, 137], [138, 139], [138, 141]], "missing_branches": [[68, 73], [70, 72], [96, -75]]}, "": {"executed_lines": [1, 3, 4, 6, 7, 9, 10, 15, 20, 23, 31, 47, 75, 99, 148, 149], "summary": {"covered_lines": 16, "num_statements": 16, "percent_covered": 100.0, "percent_covered_display": "100", "missing_lines": 0, "excluded_lines": 2, "percent_statements_covered": 100.0, "percent_statements_covered_display": "100", "num_branches": 0, "num_partial_branches": 0, "covered_branches": 0, "missing_branches": 0, "percent_branches_covered": 100.0, "percent_branches_covered_display": "100"}, "missing_lines": [], "excluded_lines": [17, 18], "start_line": 1, "executed_branches": [], "missing_branches": []}}}, "src/mi_crow/hooks/detector.py": {"executed_lines": [1, 3, 4, 6, 8, 9, 15, 23, 39, 40, 41, 42, 44, 64, 65, 66, 67, 68, 69, 72, 74, 75], "summary": {"covered_lines": 22, "num_statements": 23, "percent_covered": 96.0, "percent_covered_display": "96", "missing_lines": 1, "excluded_lines": 2, "percent_statements_covered": 95.65217391304348, "percent_statements_covered_display": "96", "num_branches": 2, "num_partial_branches": 0, "covered_branches": 2, "missing_branches": 0, "percent_branches_covered": 100.0, "percent_branches_covered_display": "100"}, "missing_lines": [95], "excluded_lines": [11, 12], "executed_branches": [[64, 65], [64, 66]], "missing_branches": [], "functions": {"Detector.__init__": {"executed_lines": [39, 40, 41, 42], "summary": {"covered_lines": 4, "num_statements": 4, "percent_covered": 100.0, "percent_covered_display": "100", "missing_lines": 0, "excluded_lines": 0, "percent_statements_covered": 100.0, "percent_statements_covered_display": "100", "num_branches": 0, "num_partial_branches": 0, "covered_branches": 0, "missing_branches": 0, "percent_branches_covered": 100.0, "percent_branches_covered_display": "100"}, "missing_lines": [], "excluded_lines": [], "start_line": 23, "executed_branches": [], "missing_branches": []}, "Detector._hook_fn": {"executed_lines": [64, 65, 66, 67, 68, 69, 72], "summary": {"covered_lines": 7, "num_statements": 7, "percent_covered": 100.0, "percent_covered_display": "100", "missing_lines": 0, "excluded_lines": 0, "percent_statements_covered": 100.0, "percent_statements_covered_display": "100", "num_branches": 2, "num_partial_branches": 0, "covered_branches": 2, "missing_branches": 0, "percent_branches_covered": 100.0, "percent_branches_covered_display": "100"}, "missing_lines": [], "excluded_lines": [], "start_line": 44, "executed_branches": [[64, 65], [64, 66]], "missing_branches": []}, "Detector.process_activations": {"executed_lines": [], "summary": {"covered_lines": 0, "num_statements": 1, "percent_covered": 0.0, "percent_covered_display": "0", "missing_lines": 1, "excluded_lines": 0, "percent_statements_covered": 0.0, "percent_statements_covered_display": "0", "num_branches": 0, "num_partial_branches": 0, "covered_branches": 0, "missing_branches": 0, "percent_branches_covered": 100.0, "percent_branches_covered_display": "100"}, "missing_lines": [95], "excluded_lines": [], "start_line": 75, "executed_branches": [], "missing_branches": []}, "": {"executed_lines": [1, 3, 4, 6, 8, 9, 15, 23, 44, 74, 75], "summary": {"covered_lines": 11, "num_statements": 11, "percent_covered": 100.0, "percent_covered_display": "100", "missing_lines": 0, "excluded_lines": 2, "percent_statements_covered": 100.0, "percent_statements_covered_display": "100", "num_branches": 0, "num_partial_branches": 0, "covered_branches": 0, "missing_branches": 0, "percent_branches_covered": 100.0, "percent_branches_covered_display": "100"}, "missing_lines": [], "excluded_lines": [11, 12], "start_line": 1, "executed_branches": [], "missing_branches": []}}, "classes": {"Detector": {"executed_lines": [39, 40, 41, 42, 64, 65, 66, 67, 68, 69, 72], "summary": {"covered_lines": 11, "num_statements": 12, "percent_covered": 92.85714285714286, "percent_covered_display": "93", "missing_lines": 1, "excluded_lines": 0, "percent_statements_covered": 91.66666666666667, "percent_statements_covered_display": "92", "num_branches": 2, "num_partial_branches": 0, "covered_branches": 2, "missing_branches": 0, "percent_branches_covered": 100.0, "percent_branches_covered_display": "100"}, "missing_lines": [95], "excluded_lines": [], "start_line": 15, "executed_branches": [[64, 65], [64, 66]], "missing_branches": []}, "": {"executed_lines": [1, 3, 4, 6, 8, 9, 15, 23, 44, 74, 75], "summary": {"covered_lines": 11, "num_statements": 11, "percent_covered": 100.0, "percent_covered_display": "100", "missing_lines": 0, "excluded_lines": 2, "percent_statements_covered": 100.0, "percent_statements_covered_display": "100", "num_branches": 0, "num_partial_branches": 0, "covered_branches": 0, "missing_branches": 0, "percent_branches_covered": 100.0, "percent_branches_covered_display": "100"}, "missing_lines": [], "excluded_lines": [11, 12], "start_line": 1, "executed_branches": [], "missing_branches": []}}}, "src/mi_crow/hooks/hook.py": {"executed_lines": [1, 3, 4, 5, 6, 8, 9, 10, 16, 18, 19, 22, 2
[...]
t_statements_covered_display": "100", "num_branches": 0, "num_partial_branches": 0, "covered_branches": 0, "missing_branches": 0, "percent_branches_covered": 100.0, "percent_branches_covered_display": "100"}, "missing_lines": [], "excluded_lines": [], "start_line": 26, "executed_branches": [], "missing_branches": []}, "Store._run_key": {"executed_lines": [55], "summary": {"covered_lines": 1, "num_statements": 1, "percent_covered": 100.0, "percent_covered_display": "100", "missing_lines": 0, "excluded_lines": 0, "percent_statements_covered": 100.0, "percent_statements_covered_display": "100", "num_branches": 0, "num_partial_branches": 0, "covered_branches": 0, "missing_branches": 0, "percent_branches_covered": 100.0, "percent_branches_covered_display": "100"}, "missing_lines": [], "excluded_lines": [], "start_line": 46, "executed_branches": [], "missing_branches": []}, "Store._run_batch_key": {"executed_lines": [67], "summary": {"covered_lines": 1, "num_statements": 1, "percent_covered": 100.0, "percent_covered_display": "100", "missing_lines": 0, "excluded_lines": 0, "percent_statements_covered": 100.0, "percent_statements_covered_display": "100", "num_branches": 0, "num_partial_branches": 0, "covered_branches": 0, "missing_branches": 0, "percent_branches_covered": 100.0, "percent_branches_covered_display": "100"}, "missing_lines": [], "excluded_lines": [], "start_line": 57, "executed_branches": [], "missing_branches": []}, "Store._run_metadata_key": {"executed_lines": [78], "summary": {"covered_lines": 1, "num_statements": 1, "percent_covered": 100.0, "percent_covered_display": "100", "missing_lines": 0, "excluded_lines": 0, "percent_statements_covered": 100.0, "percent_statements_covered_display": "100", "num_branches": 0, "num_partial_branches": 0, "covered_branches": 0, "missing_branches": 0, "percent_branches_covered": 100.0, "percent_branches_covered_display": "100"}, "missing_lines": [], "excluded_lines": [], "start_line": 69, "executed_branches": [], "missing_branches": []}, "Store.put_run_batch": {"executed_lines": [83], "summary": {"covered_lines": 1, "num_statements": 1, "percent_covered": 100.0, "percent_covered_display": "100", "missing_lines": 0, "excluded_lines": 0, "percent_statements_covered": 100.0, "percent_statements_covered_display": "100", "num_branches": 0, "num_partial_branches": 0, "covered_branches": 0, "missing_branches": 0, "percent_branches_covered": 100.0, "percent_branches_covered_display": "100"}, "missing_lines": [], "excluded_lines": [], "start_line": 81, "executed_branches": [], "missing_branches": []}, "Store.get_run_batch": {"executed_lines": [88], "summary": {"covered_lines": 1, "num_statements": 1, "percent_covered": 100.0, "percent_covered_display": "100", "missing_lines": 0, "excluded_lines": 0, "percent_statements_covered": 100.0, "percent_statements_covered_display": "100", "num_branches": 0, "num_partial_branches": 0, "covered_branches": 0, "missing_branches": 0, "percent_branches_covered": 100.0, "percent_branches_covered_display": "100"}, "missing_lines": [], "excluded_lines": [], "start_line": 86, "executed_branches": [], "missing_branches": []}, "Store.list_run_batches": {"executed_lines": [92], "summary": {"covered_lines": 1, "num_statements": 1, "percent_covered": 100.0, "percent_covered_display": "100", "missing_lines": 0, "excluded_lines": 0, "percent_statements_covered": 100.0, "percent_statements_covered_display": "100", "num_branches": 0, "num_partial_branches": 0, "covered_branches": 0, "missing_branches": 0, "percent_branches_covered": 100.0, "percent_branches_covered_display": "100"}, "missing_lines": [], "excluded_lines": [], "start_line": 91, "executed_branches": [], "missing_branches": []}, "Store.iter_run_batches": {"executed_lines": [95, 96], "summary": {"covered_lines": 2, "num_statements": 2, "percent_covered": 100.0, "percent_covered_display": "100", "missing_lines": 0, "excluded_lines": 0, "percent_statements_covered": 100.0, "percent_statements_covered_display": "100", "num_branches": 2, "num_partial_branches": 0, "covered_branches": 2, "missing_branches": 0, "percent_branches_covered": 100.0, "percent_branches_covered_display": "100"}, "missing_lines": [], "excluded_lines": [], "start_line": 94, "executed_branches": [[95, -94], [95, 96]], "missing_branches": []}, "Store.iter_run_batch_range": {"executed_lines": [111, 112, 113, 114, 115, 116, 117, 118, 119, 120, 121, 122, 123, 124, 125], "summary": {"covered_lines": 15, "num_statements": 15, "percent_covered": 100.0, "percent_covered_display": "100", "missing_lines": 0, "excluded_lines": 0, "percent_statements_covered": 100.0, "percent_statements_covered_display": "100", "num_branches": 10, "num_partial_branches": 0, "covered_branches": 10, "missing_branches": 0, "percent_branches_covered": 100.0, "percent_branches_covered_display": "100"}, "missing_lines": [], "excluded_lines": [], "start_line": 98, "executed_branches": [[111, 112], [111, 113], [113, 114], [113, 115], [116, 117], [116, 118], [119, 120], [119, 121], [121, -98], [121, 122]], "missing_branches": []}, "Store.delete_run": {"executed_lines": [129], "summary": {"covered_lines": 1, "num_statements": 1, "percent_covered": 100.0, "percent_covered_display": "100", "missing_lines": 0, "excluded_lines": 0, "percent_statements_covered": 100.0, "percent_statements_covered_display": "100", "num_branches": 0, "num_partial_branches": 0, "covered_branches": 0, "missing_branches": 0, "percent_branches_covered": 100.0, "percent_branches_covered_display": "100"}, "missing_lines": [], "excluded_lines": [], "start_line": 128, "executed_branches": [], "missing_branches": []}, "Store.put_run_metadata": {"executed_lines": [149], "summary": {"covered_lines": 1, "num_statements": 1, "percent_covered": 100.0, "percent_covered_display": "100", "missing_lines": 0, "excluded_lines": 0, "percent_statements_covered": 100.0, "percent_statements_covered_display": "100", "num_branches": 0, "num_partial_branches": 0, "covered_branches": 0, "missing_branches": 0, "percent_branches_covered": 100.0, "percent_branches_covered_display": "100"}, "missing_lines": [], "excluded_lines": [], "start_line": 132, "executed_branches": [], "missing_branches": []}, "Store.get_run_metadata": {"executed_lines": [165], "summary": {"covered_lines": 1, "num_statements": 1, "percent_covered": 100.0, "percent_covered_display": "100", "missing_lines": 0, "excluded_lines": 0, "percent_statements_covered": 100.0, "percent_statements_covered_display": "100", "num_branches": 0, "num_partial_branches": 0, "covered_branches": 0, "missing_branches": 0, "percent_branches_covered": 100.0, "percent_branches_covered_display": "100"}, "missing_lines": [], "excluded_lines": [], "start_line": 152, "executed_branches": [], "missing_branches": []}, "Store.put_detector_metadata": {"executed_lines": [191], "summary": {"covered_lines": 1, "num_statements": 1, "percent_covered": 100.0, "percent_covered_display": "100", "missing_lines": 0, "excluded_lines": 0, "percent_statements_covered": 100.0, "percent_statements_covered_display": "100", "num_branches": 0, "num_partial_branches": 0, "covered_branches": 0, "missing_branches": 0, "percent_branches_covered": 100.0, "percent_branches_covered_display": "100"}, "missing_lines": [], "excluded_lines": [], "start_line": 168, "executed_branches": [], "missing_branches": []}, "Store.get_detector_metadata": {"executed_lines": [213], "summary": {"covered_lines": 1, "num_statements": 1, "percent_covered": 100.0, "percent_covered_display": "100", "missing_lines": 0, "excluded_lines": 0, "percent_statements_covered": 100.0, "percent_statements_covered_display": "100", "num_branches": 0, "num_partial_branches": 0, "covered_branches": 0, "missing_branches": 0, "percent_branches_covered": 100.0, "percent_branches_covered_display": "100"}, "missing_lines": [], "excluded_lines": [], "start_line": 194, "executed_branches": [], "missing_branches": []}, "Store.get_detector_metadata_by_layer_by_key": {"executed_lines": [239], "summary": {"covered_lines": 1, "num_statements": 1, "percent_covered": 100.0, "percent_covered_display": "100", "missing_lines": 0, "excluded_lines": 0, "percent_statements_covered": 100.0, "percent_statements_covered_display": "100", "num_branches": 0, "num_partial_branches": 0, "covered_branches": 0, "missing_branches": 0, "percent_branches_covered": 100.0, "percent_branches_covered_display": "100"}, "missing_lines": [], "excluded_lines": [], "start_line": 216, "executed_branches": [], "missing_branches": []}, "Store.put_run_detector_metadata": {"executed_lines": [276], "summary": {"covered_lines": 1, "num_statements": 1, "percent_covered": 100.0, "percent_covered_display": "100", "missing_lines": 0, "excluded_lines": 0, "percent_statements_covered": 100.0, "percent_statements_covered_display": "100", "num_branches": 0, "num_partial_branches": 0, "covered_branches": 0, "missing_branches": 0, "percent_branches_covered": 100.0, "percent_branches_covered_display": "100"}, "missing_lines": [], "excluded_lines": [], "start_line": 243, "executed_branches": [], "missing_branches": []}, "": {"executed_lines": [1, 3, 4, 5, 7, 10, 13, 26, 46, 57, 69, 80, 81, 85, 86, 90, 91, 94, 98, 127, 128, 131, 132, 151, 152, 167, 168, 193, 194, 215, 216, 242, 243], "summary": {"covered_lines": 33, "num_statements": 33, "percent_covered": 100.0, "percent_covered_display": "100", "missing_lines": 0, "excluded_lines": 0, "percent_statements_covered": 100.0, "percent_statements_covered_display": "100", "num_branches": 0, "num_partial_branches": 0, "covered_branches": 0, "missing_branches": 0, "percent_branches_covered": 100.0, "percent_branches_covered_display": "100"}, "missing_lines": [], "excluded_lines": [], "start_line": 1, "executed_branches": [], "missing_branches": []}}, "classes": {"Store": {"executed_lines": [41, 42, 43, 44, 55, 67, 78, 83, 88, 92, 95, 96, 111, 112, 113, 114, 115, 116, 117, 118, 119, 120, 121, 122, 123, 124, 125, 129, 149, 165, 191, 213, 239, 276], "summary": {"covered_lines": 34, "num_statements": 34, "percent_covered": 100.0, "percent_covered_display": "100", "missing_lines": 0, "excluded_lines": 0, "percent_statements_covered": 100.0, "percent_statements_covered_display": "100", "num_branches": 12, "num_partial_branches": 0, "covered_branches": 12, "missing_branches": 0, "percent_branches_covered": 100.0, "percent_branches_covered_display": "100"}, "missing_lines": [], "excluded_lines": [], "start_line": 13, "executed_branches": [[95, -94], [95, 96], [111, 112], [111, 113], [113, 114], [113, 115], [116, 117], [116, 118], [119, 120], [119, 121], [121, -98], [121, 122]], "missing_branches": []}, "": {"executed_lines": [1, 3, 4, 5, 7, 10, 13, 26, 46, 57, 69, 80, 81, 85, 86, 90, 91, 94, 98, 127, 128, 131, 132, 151, 152, 167, 168, 193, 194, 215, 216, 242, 243], "summary": {"covered_lines": 33, "num_statements": 33, "percent_covered": 100.0, "percent_covered_display": "100", "missing_lines": 0, "excluded_lines": 0, "percent_statements_covered": 100.0, "percent_statements_covered_display": "100", "num_branches": 0, "num_partial_branches": 0, "covered_branches": 0, "missing_branches": 0, "percent_branches_covered": 100.0, "percent_branches_covered_display": "100"}, "missing_lines": [], "excluded_lines": [], "start_line": 1, "executed_branches": [], "missing_branches": []}}}, "src/mi_crow/store/store_dataloader.py": {"executed_lines": [1, 3, 5, 7, 13, 21, 47, 48, 49, 50, 51, 52, 53, 54, 55, 57, 64, 67, 69, 70, 71, 73, 74, 76, 82, 84, 85, 86, 87, 88, 90, 91, 92, 94, 95, 96, 100, 103, 104, 105, 106, 107, 110, 111, 114, 115, 118, 119, 120, 121, 122, 123, 124], "summary": {"covered_lines": 53, "num_statements": 53, "percent_covered": 98.7012987012987, "percent_covered_display": "99", "missing_lines": 0, "excluded_lines": 2, "percent_statements_covered": 100.0, "percent_statements_covered_display": "100", "num_branches": 24, "num_partial_branches": 1, "covered_branches": 23, "missing_branches": 1, "percent_branches_covered": 95.83333333333333, "percent_branches_covered_display": "96"}, "missing_lines": [], "excluded_lines": [9, 10], "executed_branches": [[69, -57], [69, 70], [70, 71], [70, 73], [86, 87], [86, 88], [88, 90], [88, 94], [94, 95], [94, 103], [95, 96], [103, 104], [103, 106], [106, 107], [106, 110], [110, 111], [110, 114], [114, 115], [114, 118], [120, 69], [120, 121], [121, 122], [121, 123]], "missing_branches": [[95, 100]], "functions": {"StoreDataloader.__init__": {"executed_lines": [47, 48, 49, 50, 51, 52, 53, 54, 55], "summary": {"covered_lines": 9, "num_statements": 9, "percent_covered": 100.0, "percent_covered_display": "100", "missing_lines": 0, "excluded_lines": 0, "percent_statements_covered": 100.0, "percent_statements_covered_display": "100", "num_branches": 0, "num_partial_branches": 0, "covered_branches": 0, "missing_branches": 0, "percent_branches_covered": 100.0, "percent_branches_covered_display": "100"}, "missing_lines": [], "excluded_lines": [], "start_line": 21, "executed_branches": [], "missing_branches": []}, "StoreDataloader.__iter__": {"executed_lines": [64, 67, 69, 70, 71, 73, 74, 76, 82, 84, 85, 86, 87, 88, 90, 91, 92, 94, 95, 96, 100, 103, 104, 105, 106, 107, 110, 111, 114, 115, 118, 119, 120, 121, 122, 123, 124], "summary": {"covered_lines": 37, "num_statements": 37, "percent_covered": 98.36065573770492, "percent_covered_display": "98", "missing_lines": 0, "excluded_lines": 0, "percent_statements_covered": 100.0, "percent_statements_covered_display": "100", "num_branches": 24, "num_partial_branches": 1, "covered_branches": 23, "missing_branches": 1, "percent_branches_covered": 95.83333333333333, "percent_branches_covered_display": "96"}, "missing_lines": [], "excluded_lines": [], "start_line": 57, "executed_branches": [[69, -57], [69, 70], [70, 71], [70, 73], [86, 87], [86, 88], [88, 90], [88, 94], [94, 95], [94, 103], [95, 96], [103, 104], [103, 106], [106, 107], [106, 110], [110, 111], [110, 114], [114, 115], [114, 118], [120, 69], [120, 121], [121, 122], [121, 123]], "missing_branches": [[95, 100]]}, "": {"executed_lines": [1, 3, 5, 7, 13, 21, 57], "summary": {"covered_lines": 7, "num_statements": 7, "percent_covered": 100.0, "percent_covered_display": "100", "missing_lines": 0, "excluded_lines": 2, "percent_statements_covered": 100.0, "percent_statements_covered_display": "100", "num_branches": 0, "num_partial_branches": 0, "covered_branches": 0, "missing_branches": 0, "percent_branches_covered": 100.0, "percent_branches_covered_display": "100"}, "missing_lines": [], "excluded_lines": [9, 10], "start_line": 1, "executed_branches": [], "missing_branches": []}}, "classes": {"StoreDataloader": {"executed_lines": [47, 48, 49, 50, 51, 52, 53, 54, 55, 64, 67, 69, 70, 71, 73, 74, 76, 82, 84, 85, 86, 87, 88, 90, 91, 92, 94, 95, 96, 100, 103, 104, 105, 106, 107, 110, 111, 114, 115, 118, 119, 120, 121, 122, 123, 124], "summary": {"covered_lines": 46, "num_statements": 46, "percent_covered": 98.57142857142857, "percent_covered_display": "99", "missing_lines": 0, "excluded_lines": 0, "percent_statements_covered": 100.0, "percent_statements_covered_display": "100", "num_branches": 24, "num_partial_branches": 1, "covered_branches": 23, "missing_branches": 1, "percent_branches_covered": 95.83333333333333, "percent_branches_covered_display": "96"}, "missing_lines": [], "excluded_lines": [], "start_line": 13, "executed_branches": [[69, -57], [69, 70], [70, 71], [70, 73], [86, 87], [86, 88], [88, 90], [88, 94], [94, 95], [94, 103], [95, 96], [103, 104], [103, 106], [106, 107], [106, 110], [110, 111], [110, 114], [114, 115], [114, 118], [120, 69], [120, 121], [121, 122], [121, 123]], "missing_branches": [[95, 100]]}, "": {"executed_lines": [1, 3, 5, 7, 13, 21, 57], "summary": {"covered_lines": 7, "num_statements": 7, "percent_covered": 100.0, "percent_covered_display": "100", "missing_lines": 0, "excluded_lines": 2, "percent_statements_covered": 100.0, "percent_statements_covered_display": "100", "num_branches": 0, "num_partial_branches": 0, "covered_branches": 0, "missing_branches": 0, "percent_branches_covered": 100.0, "percent_branches_covered_display": "100"}, "missing_lines": [], "excluded_lines": [9, 10], "start_line": 1, "executed_branches": [], "missing_branches": []}}}, "src/mi_crow/utils.py": {"executed_lines": [1, 3, 4, 5, 6, 8, 9, 12, 19, 20, 21, 22, 23, 24, 25, 26, 27, 30, 32, 33, 34, 35, 36, 37, 38, 39, 40, 42, 45, 46], "summary": {"covered_lines": 30, "num_statements": 30, "percent_covered": 100.0, "percent_covered_display": "100", "missing_lines": 0, "excluded_lines": 0, "percent_statements_covered": 100.0, "percent_statements_covered_display": "100", "num_branches": 6, "num_partial_branches": 0, "covered_branches": 6, "missing_branches": 0, "percent_branches_covered": 100.0, "percent_branches_covered_display": "100"}, "missing_lines": [], "excluded_lines": [], "executed_branches": [[24, -12], [24, 25], [33, 34], [33, 35], [36, 37], [36, 45]], "missing_branches": [], "functions": {"set_seed": {"executed_lines": [19, 20, 21, 22, 23, 24, 25, 26, 27], "summary": {"covered_lines": 9, "num_statements": 9, "percent_covered": 100.0, "percent_covered_display": "100", "missing_lines": 0, "excluded_lines": 0, "percent_statements_covered": 100.0, "percent_statements_covered_display": "100", "num_branches": 2, "num_partial_branches": 0, "covered_branches": 2, "missing_branches": 0, "percent_branches_covered": 100.0, "percent_branches_covered_display": "100"}, "missing_lines": [], "excluded_lines": [], "start_line": 12, "executed_branches": [[24, -12], [24, 25]], "missing_branches": []}, "get_logger": {"executed_lines": [32, 33, 34, 35, 36, 37, 38, 39, 40, 42, 45, 46], "summary": {"covered_lines": 12, "num_statements": 12, "percent_covered": 100.0, "percent_covered_display": "100", "missing_lines": 0, "excluded_lines": 0, "percent_statements_covered": 100.0, "percent_statements_covered_display": "100", "num_branches": 4, "num_partial_branches": 0, "covered_branches": 4, "missing_branches": 0, "percent_branches_covered": 100.0, "percent_branches_covered_display": "100"}, "missing_lines": [], "excluded_lines": [], "start_line": 30, "executed_branches": [[33, 34], [33, 35], [36, 37], [36, 45]], "missing_branches": []}, "": {"executed_lines": [1, 3, 4, 5, 6, 8, 9, 12, 30], "summary": {"covered_lines": 9, "num_statements": 9, "percent_covered": 100.0, "percent_covered_display": "100", "missing_lines": 0, "excluded_lines": 0, "percent_statements_covered": 100.0, "percent_statements_covered_display": "100", "num_branches": 0, "num_partial_branches": 0, "covered_branches": 0, "missing_branches": 0, "percent_branches_covered": 100.0, "percent_branches_covered_display": "100"}, "missing_lines": [], "excluded_lines": [], "start_line": 1, "executed_branches": [], "missing_branches": []}}, "classes": {"": {"executed_lines": [1, 3, 4, 5, 6, 8, 9, 12, 19, 20, 21, 22, 23, 24, 25, 26, 27, 30, 32, 33, 34, 35, 36, 37, 38, 39, 40, 42, 45, 46], "summary": {"covered_lines": 30, "num_statements": 30, "percent_covered": 100.0, "percent_covered_display": "100", "missing_lines": 0, "excluded_lines": 0, "percent_statements_covered": 100.0, "percent_statements_covered_display": "100", "num_branches": 6, "num_partial_branches": 0, "covered_branches": 6, "missing_branches": 0, "percent_branches_covered": 100.0, "percent_branches_covered_display": "100"}, "missing_lines": [], "excluded_lines": [], "start_line": 1, "executed_branches": [[24, -12], [24, 25], [33, 34], [33, 35], [36, 37], [36, 45]], "missing_branches": []}}}}, "totals": {"covered_lines": 3399, "num_statements": 3741, "percent_covered": 88.09569377990431, "percent_covered_display": "88", "missing_lines": 342, "excluded_lines": 57, "percent_statements_covered": 90.85805934242181, "percent_statements_covered_display": "91", "num_branches": 1484, "num_partial_branches": 210, "covered_branches": 1204, "missing_branches": 280, "percent_branches_covered": 81.13207547169812, "percent_branches_covered_display": "81"}}